[30/May/2026 22:40:25] "POST /api/auth/password-reset/request/ HTTP/1.1" 200 133
[30/May/2026 22:40:25,111] - Broken pipe from ('127.0.0.1', 64770)
[30/May/2026 22:40:58] "GET /api/me/ HTTP/1.1" 200 143
[30/May/2026 22:40:58] "GET /api/me/ HTTP/1.1" 200 143
[30/May/2026 22:41:00] "OPTIONS /api/auth/password-reset/request/ HTTP/1.1" 200 0
[30/May/2026 22:41:00] "POST /api/auth/password-reset/request/ HTTP/1.1" 200 133
[30/May/2026 22:41:03] "GET /api/me/ HTTP/1.1" 200 143
[30/May/2026 22:41:03] "GET /api/me/ HTTP/1.1" 200 143
[30/May/2026 22:41:03] "GET /api/dashboard/ HTTP/1.1" 200 122
[30/May/2026 22:41:03] "GET /api/dashboard/ HTTP/1.1" 200 122
[30/May/2026 22:41:05] "POST /api/auth/logout/ HTTP/1.1" 204 0
[30/May/2026 22:41:11] "POST /api/auth/login/ HTTP/1.1" 200 203
[30/May/2026 22:41:11] "GET /api/dashboard/ HTTP/1.1" 200 122
[30/May/2026 22:41:11] "GET /api/dashboard/ HTTP/1.1" 200 122
[30/May/2026 22:41:29] "POST /api/auth/login/ HTTP/1.1" 200 203
[30/May/2026 22:41:29,176] - Broken pipe from ('127.0.0.1', 59997)
[30/May/2026 22:41:58] "GET /api/me/ HTTP/1.1" 200 143
[30/May/2026 22:41:58] "GET /api/me/ HTTP/1.1" 200 143
[30/May/2026 22:42:10] "POST /api/auth/logout/ HTTP/1.1" 204 0
[30/May/2026 22:42:50] "POST /api/auth/login/ HTTP/1.1" 200 217
[30/May/2026 22:42:50] "GET /api/dashboard/ HTTP/1.1" 200 104
[30/May/2026 22:42:50] "GET /api/dashboard/ HTTP/1.1" 200 104
[30/May/2026 22:43:07] "OPTIONS /api/users/ HTTP/1.1" 200 0
[30/May/2026 22:43:07] "OPTIONS /api/programs/ HTTP/1.1" 200 0
[30/May/2026 22:43:07] "OPTIONS /api/programs/ HTTP/1.1" 200 0
[30/May/2026 22:43:07] "OPTIONS /api/terms/ HTTP/1.1" 200 0
[30/May/2026 22:43:07] "OPTIONS /api/users/instructors/ HTTP/1.1" 200 0
[30/May/2026 22:43:07] "OPTIONS /api/workflow-records/ HTTP/1.1" 200 0
[30/May/2026 22:43:07] "OPTIONS /api/users/instructors/ HTTP/1.1" 200 0
[30/May/2026 22:43:07] "GET /api/users/ HTTP/1.1" 200 1019
[30/May/2026 22:43:07] "GET /api/programs/ HTTP/1.1" 200 298
[30/May/2026 22:43:07] "OPTIONS /api/terms/ HTTP/1.1" 200 0
[30/May/2026 22:43:07] "GET /api/terms/ HTTP/1.1" 200 102
[30/May/2026 22:43:08] "OPTIONS /api/workflow-records/ HTTP/1.1" 200 0
[30/May/2026 22:43:08] "GET /api/programs/ HTTP/1.1" 200 298
[30/May/2026 22:43:08] "GET /api/terms/ HTTP/1.1" 200 102
[30/May/2026 22:43:08] "OPTIONS /api/users/ HTTP/1.1" 200 0
[30/May/2026 22:43:08] "GET /api/users/instructors/ HTTP/1.1" 200 325
[30/May/2026 22:43:08] "GET /api/users/instructors/ HTTP/1.1" 200 325
[30/May/2026 22:43:08] "GET /api/users/ HTTP/1.1" 200 1019
[30/May/2026 22:43:08] "GET /api/workflow-records/ HTTP/1.1" 200 718
[30/May/2026 22:43:08] "GET /api/workflow-records/ HTTP/1.1" 200 718
[30/May/2026 22:43:59] "POST /api/programs/ HTTP/1.1" 201 60
[30/May/2026 22:43:59] "GET /api/programs/ HTTP/1.1" 200 359
[30/May/2026 22:45:51] "GET /api/terms/ HTTP/1.1" 200 102
[30/May/2026 22:45:51] "GET /api/users/ HTTP/1.1" 200 1019
[30/May/2026 22:45:51] "GET /api/programs/ HTTP/1.1" 200 359
[30/May/2026 22:45:52] "GET /api/workflow-records/ HTTP/1.1" 200 718
[30/May/2026 22:45:52] "GET /api/users/instructors/ HTTP/1.1" 200 325
[30/May/2026 22:45:52] "GET /api/terms/ HTTP/1.1" 200 102
[30/May/2026 22:45:52] "GET /api/programs/ HTTP/1.1" 200 359
[30/May/2026 22:45:52] "GET /api/users/ HTTP/1.1" 200 1019
[30/May/2026 22:45:52] "GET /api/users/instructors/ HTTP/1.1" 200 325
[30/May/2026 22:45:52] "GET /api/workflow-records/ HTTP/1.1" 200 718
[30/May/2026 22:46:25] "GET /api/programs/ HTTP/1.1" 200 359
[30/May/2026 22:46:25] "GET /api/terms/ HTTP/1.1" 200 102
[30/May/2026 22:46:25] "GET /api/workflow-records/ HTTP/1.1" 200 718
[30/May/2026 22:46:25] "GET /api/users/ HTTP/1.1" 200 1019
[30/May/2026 22:46:25] "GET /api/users/instructors/ HTTP/1.1" 200 325
[30/May/2026 22:46:25] "GET /api/programs/ HTTP/1.1" 200 359
[30/May/2026 22:46:25] "GET /api/users/ HTTP/1.1" 200 1019
[30/May/2026 22:46:25] "GET /api/terms/ HTTP/1.1" 200 102
[30/May/2026 22:46:25] "GET /api/workflow-records/ HTTP/1.1" 200 718
[30/May/2026 22:46:25] "GET /api/users/instructors/ HTTP/1.1" 200 325
[30/May/2026 22:46:28] "GET /api/dashboard/ HTTP/1.1" 200 104
[30/May/2026 22:46:28] "GET /api/dashboard/ HTTP/1.1" 200 104
[30/May/2026 22:46:46] "GET /api/assignments/ HTTP/1.1" 200 1320
[30/May/2026 22:46:46] "GET /api/submissions/ HTTP/1.1" 200 1791
[30/May/2026 22:46:46] "GET /api/assignments/ HTTP/1.1" 200 1320
[30/May/2026 22:46:46] "GET /api/submissions/ HTTP/1.1" 200 1791
[30/May/2026 22:47:26] "POST /api/auth/logout/ HTTP/1.1" 204 0
Not Found: /api/auth/password-reset/request/
[30/May/2026 22:49:16] "POST /api/auth/password-reset/request/ HTTP/1.1" 404 61
Not Found: /api/auth/password-reset/request/
[30/May/2026 22:49:21] "POST /api/auth/password-reset/request/ HTTP/1.1" 404 61
[30/May/2026 22:49:33] "POST /api/auth/password-reset/request/ HTTP/1.1" 200 133
[30/May/2026 22:50:07] "OPTIONS /api/auth/password-reset/confirm/ HTTP/1.1" 200 0
Bad Request: /api/auth/password-reset/confirm/
[30/May/2026 22:50:07] "POST /api/auth/password-reset/confirm/ HTTP/1.1" 400 49
Bad Request: /api/auth/password-reset/confirm/
[30/May/2026 22:51:44] "POST /api/auth/password-reset/confirm/ HTTP/1.1" 400 87
[30/May/2026 22:52:01] "POST /api/auth/password-reset/confirm/ HTTP/1.1" 200 66
Bad Request: /api/auth/login/
[30/May/2026 22:52:06] "POST /api/auth/login/ HTTP/1.1" 400 42
[30/May/2026 22:52:23] "POST /api/auth/login/ HTTP/1.1" 200 203
[30/May/2026 22:52:23] "GET /api/dashboard/ HTTP/1.1" 200 122
[30/May/2026 22:52:23] "GET /api/dashboard/ HTTP/1.1" 200 122
[30/May/2026 22:52:34] "POST /api/auth/logout/ HTTP/1.1" 204 0
Bad Request: /api/auth/login/
[30/May/2026 22:53:26] "POST /api/auth/login/ HTTP/1.1" 400 42
Bad Request: /api/auth/login/
[30/May/2026 22:53:31] "POST /api/auth/login/ HTTP/1.1" 400 42
[30/May/2026 22:53:44] "POST /api/auth/login/ HTTP/1.1" 200 203
[30/May/2026 22:53:44] "GET /api/dashboard/ HTTP/1.1" 200 122
[30/May/2026 22:53:44] "GET /api/dashboard/ HTTP/1.1" 200 122
[30/May/2026 22:57:43] "GET /api/me/ HTTP/1.1" 200 143
[30/May/2026 22:57:43] "GET /api/me/ HTTP/1.1" 200 143
[30/May/2026 22:57:43] "GET /api/me/ HTTP/1.1" 200 143
[30/May/2026 22:57:43] "GET /api/me/ HTTP/1.1" 200 143
[30/May/2026 22:57:44] "GET /api/dashboard/ HTTP/1.1" 200 122
[30/May/2026 22:57:44] "GET /api/courses/ HTTP/1.1" 200 1608
[30/May/2026 22:57:44] "GET /api/dashboard/ HTTP/1.1" 200 122
[30/May/2026 22:57:44] "GET /api/courses/ HTTP/1.1" 200 1608
[30/May/2026 22:59:14] "GET /api/me/ HTTP/1.1" 200 143
[30/May/2026 22:59:14] "GET /api/me/ HTTP/1.1" 200 143
[30/May/2026 22:59:14] "GET /api/dashboard/ HTTP/1.1" 200 122
[30/May/2026 22:59:14] "GET /api/dashboard/ HTTP/1.1" 200 122
[30/May/2026 23:00:22] "GET /api/courses/ HTTP/1.1" 200 1608
[30/May/2026 23:00:22] "GET /api/courses/ HTTP/1.1" 200 1608
[30/May/2026 23:00:24] "GET /api/assignments/ HTTP/1.1" 200 1333
[30/May/2026 23:00:24] "GET /api/submissions/ HTTP/1.1" 200 1804
[30/May/2026 23:00:24] "GET /api/assignments/ HTTP/1.1" 200 1333
[30/May/2026 23:00:24] "GET /api/submissions/ HTTP/1.1" 200 1804
[30/May/2026 23:00:28] "GET /api/notifications/ HTTP/1.1" 200 389
[30/May/2026 23:00:28] "GET /api/notifications/ HTTP/1.1" 200 389
[30/May/2026 23:00:30] "GET /api/assignments/ HTTP/1.1" 200 1333
[30/May/2026 23:00:30] "GET /api/submissions/ HTTP/1.1" 200 1804
[30/May/2026 23:00:30] "GET /api/assignments/ HTTP/1.1" 200 1333
[30/May/2026 23:00:30] "GET /api/submissions/ HTTP/1.1" 200 1804
[30/May/2026 23:00:35] "GET /api/notifications/ HTTP/1.1" 200 389
[30/May/2026 23:00:35] "GET /api/notifications/ HTTP/1.1" 200 389
[30/May/2026 23:00:36] "GET /api/submissions/ HTTP/1.1" 200 1804
[30/May/2026 23:00:36] "GET /api/assignments/ HTTP/1.1" 200 1333
[30/May/2026 23:00:36] "GET /api/submissions/ HTTP/1.1" 200 1804
[30/May/2026 23:00:36] "GET /api/assignments/ HTTP/1.1" 200 1333
[30/May/2026 23:00:47] "GET /api/courses/ HTTP/1.1" 200 1608
[30/May/2026 23:00:47] "GET /api/courses/ HTTP/1.1" 200 1608
[30/May/2026 23:00:58] "GET /api/dashboard/ HTTP/1.1" 200 122
[30/May/2026 23:00:58] "GET /api/dashboard/ HTTP/1.1" 200 122
[30/May/2026 23:01:52] "GET /api/assignments/ HTTP/1.1" 200 1333
[30/May/2026 23:01:52] "GET /api/submissions/ HTTP/1.1" 200 1804
[30/May/2026 23:01:52] "GET /api/assignments/ HTTP/1.1" 200 1333
[30/May/2026 23:01:52] "GET /api/submissions/ HTTP/1.1" 200 1804
[30/May/2026 23:01:54] "GET /api/courses/ HTTP/1.1" 200 1608
[30/May/2026 23:01:54] "GET /api/courses/ HTTP/1.1" 200 1608
[30/May/2026 23:01:57] "GET /api/notifications/ HTTP/1.1" 200 389
[30/May/2026 23:01:57] "GET /api/notifications/ HTTP/1.1" 200 389
[30/May/2026 23:02:43] "POST /api/auth/logout/ HTTP/1.1" 204 0
Bad Request: /api/auth/login/
[30/May/2026 23:03:47] "POST /api/auth/login/ HTTP/1.1" 400 42
[30/May/2026 23:04:28] "POST /api/auth/password-reset/request/ HTTP/1.1" 200 133
[30/May/2026 23:05:11] "POST /api/auth/password-reset/confirm/ HTTP/1.1" 200 66
Bad Request: /api/auth/login/
[30/May/2026 23:05:23] "POST /api/auth/login/ HTTP/1.1" 400 42
[30/May/2026 23:05:41] "POST /api/auth/login/ HTTP/1.1" 200 203
[30/May/2026 23:05:41] "GET /api/dashboard/ HTTP/1.1" 200 122
[30/May/2026 23:05:41] "GET /api/dashboard/ HTTP/1.1" 200 122
[30/May/2026 23:05:50] "GET /api/courses/ HTTP/1.1" 200 1608
[30/May/2026 23:05:50] "GET /api/courses/ HTTP/1.1" 200 1608
[30/May/2026 23:05:59] "GET /api/courses/1/ HTTP/1.1" 200 823
[30/May/2026 23:06:00] "GET /api/materials/ HTTP/1.1" 200 2534
[30/May/2026 23:06:00] "GET /api/enrollments/ HTTP/1.1" 200 2191
[30/May/2026 23:06:00] "GET /api/assignments/ HTTP/1.1" 200 1333
[30/May/2026 23:06:00] "GET /api/courses/1/ HTTP/1.1" 200 823
[30/May/2026 23:06:00] "GET /api/assignments/ HTTP/1.1" 200 1333
[30/May/2026 23:06:00] "GET /api/enrollments/ HTTP/1.1" 200 2191
[30/May/2026 23:06:00] "GET /api/materials/ HTTP/1.1" 200 2534
[30/May/2026 23:06:38] "GET /api/assignments/ HTTP/1.1" 200 1333
[30/May/2026 23:06:38] "GET /api/submissions/ HTTP/1.1" 200 1804
[30/May/2026 23:06:38] "GET /api/submissions/ HTTP/1.1" 200 1804
[30/May/2026 23:06:38] "GET /api/assignments/ HTTP/1.1" 200 1333
[30/May/2026 23:07:25] "GET /api/notifications/ HTTP/1.1" 200 389
[30/May/2026 23:07:26] "GET /api/notifications/ HTTP/1.1" 200 389
[30/May/2026 23:18:46] "GET /api/dashboard/ HTTP/1.1" 200 122
[30/May/2026 23:18:46] "GET /api/dashboard/ HTTP/1.1" 200 122
[30/May/2026 23:18:59] "GET /api/assignments/ HTTP/1.1" 200 1333
[30/May/2026 23:18:59] "GET /api/submissions/ HTTP/1.1" 200 1804
[30/May/2026 23:18:59] "GET /api/assignments/ HTTP/1.1" 200 1333
[30/May/2026 23:18:59] "GET /api/submissions/ HTTP/1.1" 200 1804
[30/May/2026 23:19:14] "GET /api/notifications/ HTTP/1.1" 200 389
[30/May/2026 23:19:14] "GET /api/notifications/ HTTP/1.1" 200 389
[30/May/2026 23:19:21] "OPTIONS /api/notifications/1/mark_read/ HTTP/1.1" 200 0
[30/May/2026 23:19:21] "POST /api/notifications/1/mark_read/ HTTP/1.1" 200 386
[30/May/2026 23:19:21] "GET /api/notifications/ HTTP/1.1" 200 388
[30/May/2026 23:19:24] "GET /api/courses/ HTTP/1.1" 200 1608
[30/May/2026 23:19:24] "GET /api/courses/ HTTP/1.1" 200 1608
[30/May/2026 23:19:26] "GET /api/notifications/ HTTP/1.1" 200 388
[30/May/2026 23:19:26] "GET /api/notifications/ HTTP/1.1" 200 388
[30/May/2026 23:19:29] "GET /api/dashboard/ HTTP/1.1" 200 122
[30/May/2026 23:19:29] "GET /api/dashboard/ HTTP/1.1" 200 122
[30/May/2026 23:19:31] "GET /api/notifications/ HTTP/1.1" 200 388
[30/May/2026 23:19:31] "GET /api/notifications/ HTTP/1.1" 200 388
[30/May/2026 23:19:34] "GET /api/submissions/ HTTP/1.1" 200 1804
[30/May/2026 23:19:34] "GET /api/assignments/ HTTP/1.1" 200 1333
[30/May/2026 23:19:34] "GET /api/submissions/ HTTP/1.1" 200 1804
[30/May/2026 23:19:34] "GET /api/assignments/ HTTP/1.1" 200 1333
[30/May/2026 23:19:35] "GET /api/courses/ HTTP/1.1" 200 1608
[30/May/2026 23:19:35] "GET /api/courses/ HTTP/1.1" 200 1608
[30/May/2026 23:19:41] "GET /api/courses/1/ HTTP/1.1" 200 823
[30/May/2026 23:19:41] "GET /api/materials/ HTTP/1.1" 200 2534
[30/May/2026 23:19:41] "GET /api/courses/1/ HTTP/1.1" 200 823
[30/May/2026 23:19:41] "GET /api/assignments/ HTTP/1.1" 200 1333
[30/May/2026 23:19:41] "GET /api/enrollments/ HTTP/1.1" 200 2191
[30/May/2026 23:19:41] "GET /api/materials/ HTTP/1.1" 200 2534
[30/May/2026 23:19:41] "GET /api/assignments/ HTTP/1.1" 200 1333
[30/May/2026 23:19:41] "GET /api/enrollments/ HTTP/1.1" 200 2191
[30/May/2026 23:20:03] "GET /api/dashboard/ HTTP/1.1" 200 122
[30/May/2026 23:20:03] "GET /api/dashboard/ HTTP/1.1" 200 122
[30/May/2026 23:20:05] "POST /api/auth/logout/ HTTP/1.1" 204 0
[30/May/2026 23:29:40] "OPTIONS /api/auth/login/ HTTP/1.1" 200 0
Bad Request: /api/auth/login/
[30/May/2026 23:29:42] "POST /api/auth/login/ HTTP/1.1" 400 42
[30/May/2026 23:30:02] "POST /api/auth/login/ HTTP/1.1" 200 203
[30/May/2026 23:30:02] "OPTIONS /api/dashboard/ HTTP/1.1" 200 0
[30/May/2026 23:30:02] "OPTIONS /api/dashboard/ HTTP/1.1" 200 0
[30/May/2026 23:30:02] "GET /api/dashboard/ HTTP/1.1" 200 122
[30/May/2026 23:30:02] "GET /api/dashboard/ HTTP/1.1" 200 122
Not Found: /
[30/May/2026 23:32:05] "GET / HTTP/1.1" 404 2310
[30/May/2026 23:32:05] "GET /api HTTP/1.1" 301 0
Unauthorized: /api/
[30/May/2026 23:32:05] "GET /api/ HTTP/1.1" 401 4986
Not Found: /
[30/May/2026 23:32:13] "GET / HTTP/1.1" 404 2310
[30/May/2026 23:32:13] "GET /api HTTP/1.1" 301 0
Unauthorized: /api/
[30/May/2026 23:32:13] "GET /api/ HTTP/1.1" 401 4986
Bad Request: /api/auth/login/
[30/May/2026 23:32:16] "POST /api/auth/login/ HTTP/1.1" 400 42
[30/May/2026 23:32:28] "POST /api/auth/login/ HTTP/1.1" 200 203
[30/May/2026 23:32:28] "GET /api/dashboard/ HTTP/1.1" 200 122
[30/May/2026 23:32:28] "GET /api/dashboard/ HTTP/1.1" 200 122
[30/May/2026 23:39:56] "GET /api/courses/ HTTP/1.1" 200 1608
[30/May/2026 23:39:56] "GET /api/courses/ HTTP/1.1" 200 1608
[30/May/2026 23:39:58] "GET /api/assignments/ HTTP/1.1" 200 1333
[30/May/2026 23:39:58] "GET /api/submissions/ HTTP/1.1" 200 1804
[30/May/2026 23:39:58] "GET /api/assignments/ HTTP/1.1" 200 1333
[30/May/2026 23:39:58] "GET /api/submissions/ HTTP/1.1" 200 1804
[30/May/2026 23:40:00] "GET /api/notifications/ HTTP/1.1" 200 388
[30/May/2026 23:40:00] "GET /api/notifications/ HTTP/1.1" 200 388
[31/May/2026 00:37:40] "OPTIONS /api/dashboard/ HTTP/1.1" 200 0
[31/May/2026 00:37:40] "OPTIONS /api/dashboard/ HTTP/1.1" 200 0
[31/May/2026 00:37:40] "GET /api/dashboard/ HTTP/1.1" 200 122
[31/May/2026 00:37:40] "GET /api/dashboard/ HTTP/1.1" 200 122
[31/May/2026 00:37:44] "OPTIONS /api/courses/ HTTP/1.1" 200 0
[31/May/2026 00:37:44] "OPTIONS /api/courses/ HTTP/1.1" 200 0
[31/May/2026 00:37:44] "GET /api/courses/ HTTP/1.1" 200 1608
[31/May/2026 00:37:44] "GET /api/courses/ HTTP/1.1" 200 1608
[31/May/2026 00:37:50] "OPTIONS /api/assignments/ HTTP/1.1" 200 0
[31/May/2026 00:37:50] "OPTIONS /api/submissions/ HTTP/1.1" 200 0
[31/May/2026 00:37:50] "OPTIONS /api/assignments/ HTTP/1.1" 200 0
[31/May/2026 00:37:50] "OPTIONS /api/submissions/ HTTP/1.1" 200 0
[31/May/2026 00:37:50] "GET /api/assignments/ HTTP/1.1" 200 1333
[31/May/2026 00:37:50] "GET /api/submissions/ HTTP/1.1" 200 1804
[31/May/2026 00:37:50] "GET /api/assignments/ HTTP/1.1" 200 1333
[31/May/2026 00:37:50] "GET /api/submissions/ HTTP/1.1" 200 1804
[31/May/2026 01:06:10] "GET /api/assignments/ HTTP/1.1" 200 1333
[31/May/2026 01:06:10] "GET /api/submissions/ HTTP/1.1" 200 1804
[31/May/2026 01:06:10] "GET /api/submissions/ HTTP/1.1" 200 1804
[31/May/2026 01:06:10] "GET /api/assignments/ HTTP/1.1" 200 1333
[31/May/2026 01:06:51] "GET /api/dashboard/ HTTP/1.1" 200 122
[31/May/2026 01:06:51] "GET /api/dashboard/ HTTP/1.1" 200 122
[31/May/2026 01:06:53] "GET /api/courses/ HTTP/1.1" 200 1608
[31/May/2026 01:06:53] "GET /api/courses/ HTTP/1.1" 200 1608
[31/May/2026 01:06:56] "GET /api/submissions/ HTTP/1.1" 200 1804
[31/May/2026 01:06:56] "GET /api/assignments/ HTTP/1.1" 200 1333
[31/May/2026 01:06:56] "GET /api/assignments/ HTTP/1.1" 200 1333
[31/May/2026 01:06:56] "GET /api/submissions/ HTTP/1.1" 200 1804
[31/May/2026 01:06:57] "OPTIONS /api/notifications/ HTTP/1.1" 200 0
[31/May/2026 01:06:57] "OPTIONS /api/notifications/ HTTP/1.1" 200 0
[31/May/2026 01:06:57] "GET /api/notifications/ HTTP/1.1" 200 388
[31/May/2026 01:06:57] "GET /api/notifications/ HTTP/1.1" 200 388
[31/May/2026 01:07:15] "GET /api/dashboard/ HTTP/1.1" 200 122
[31/May/2026 01:07:15] "GET /api/dashboard/ HTTP/1.1" 200 122
[31/May/2026 01:45:32] "OPTIONS /api/auth/logout/ HTTP/1.1" 200 0
[31/May/2026 01:45:32] "POST /api/auth/logout/ HTTP/1.1" 204 0
[31/May/2026 01:48:36] "OPTIONS /api/auth/login/ HTTP/1.1" 200 0
Bad Request: /api/auth/login/
[31/May/2026 01:48:37] "POST /api/auth/login/ HTTP/1.1" 400 42
Bad Request: /api/auth/login/
[31/May/2026 01:48:45] "POST /api/auth/login/ HTTP/1.1" 400 42
[31/May/2026 01:49:02] "OPTIONS /api/auth/password-reset/request/ HTTP/1.1" 200 0
[31/May/2026 01:49:02] "POST /api/auth/password-reset/request/ HTTP/1.1" 200 133
[31/May/2026 01:49:22] "OPTIONS /api/auth/password-reset/confirm/ HTTP/1.1" 200 0
Bad Request: /api/auth/password-reset/confirm/
[31/May/2026 01:49:22] "POST /api/auth/password-reset/confirm/ HTTP/1.1" 400 49
Bad Request: /api/auth/password-reset/confirm/
[31/May/2026 01:49:39] "POST /api/auth/password-reset/confirm/ HTTP/1.1" 400 48
Bad Request: /api/auth/password-reset/confirm/
[31/May/2026 01:49:43] "POST /api/auth/password-reset/confirm/ HTTP/1.1" 400 48
Bad Request: /api/auth/password-reset/confirm/
[31/May/2026 01:49:57] "POST /api/auth/password-reset/confirm/ HTTP/1.1" 400 49
[31/May/2026 01:50:15] "POST /api/auth/password-reset/confirm/ HTTP/1.1" 200 66
[31/May/2026 01:50:25] "POST /api/auth/login/ HTTP/1.1" 200 203
[31/May/2026 01:50:25] "GET /api/dashboard/ HTTP/1.1" 200 122
[31/May/2026 01:50:25] "GET /api/dashboard/ HTTP/1.1" 200 122
[31/May/2026 01:52:51] "POST /api/auth/logout/ HTTP/1.1" 204 0
Bad Request: /api/auth/login/
[31/May/2026 01:53:02] "POST /api/auth/login/ HTTP/1.1" 400 42
Bad Request: /api/auth/login/
[31/May/2026 01:54:29] "POST /api/auth/login/ HTTP/1.1" 400 42
Bad Request: /api/auth/login/
[31/May/2026 01:54:33] "POST /api/auth/login/ HTTP/1.1" 400 42
[31/May/2026 01:56:23] "POST /api/auth/password-reset/request/ HTTP/1.1" 200 131
Bad Request: /api/auth/password-reset/confirm/
[31/May/2026 01:56:36] "POST /api/auth/password-reset/confirm/ HTTP/1.1" 400 49
[31/May/2026 01:56:59] "POST /api/auth/password-reset/confirm/ HTTP/1.1" 200 66
[31/May/2026 01:59:25] "POST /api/auth/login/ HTTP/1.1" 200 217
[31/May/2026 01:59:25] "GET /api/dashboard/ HTTP/1.1" 200 105
[31/May/2026 01:59:25] "GET /api/dashboard/ HTTP/1.1" 200 105
[31/May/2026 01:59:50] "POST /api/auth/logout/ HTTP/1.1" 204 0
[31/May/2026 01:59:55] "POST /api/auth/login/ HTTP/1.1" 200 222
[31/May/2026 01:59:55] "GET /api/dashboard/ HTTP/1.1" 200 116
[31/May/2026 01:59:55] "GET /api/dashboard/ HTTP/1.1" 200 116
[31/May/2026 02:00:13] "POST /api/auth/logout/ HTTP/1.1" 204 0
Bad Request: /api/auth/login/
[31/May/2026 02:00:18] "POST /api/auth/login/ HTTP/1.1" 400 42
Bad Request: /api/auth/login/
[31/May/2026 02:00:33] "POST /api/auth/login/ HTTP/1.1" 400 42
[31/May/2026 02:00:40] "POST /api/auth/login/ HTTP/1.1" 200 222
[31/May/2026 02:00:40] "GET /api/dashboard/ HTTP/1.1" 200 116
[31/May/2026 02:00:40] "GET /api/dashboard/ HTTP/1.1" 200 116
[31/May/2026 02:00:43] "POST /api/auth/logout/ HTTP/1.1" 204 0
Bad Request: /api/auth/login/
[31/May/2026 02:00:58] "POST /api/auth/login/ HTTP/1.1" 400 42
[31/May/2026 02:01:09] "POST /api/auth/login/ HTTP/1.1" 200 217
[31/May/2026 02:01:09] "GET /api/dashboard/ HTTP/1.1" 200 105
[31/May/2026 02:01:09] "GET /api/dashboard/ HTTP/1.1" 200 105
[31/May/2026 02:01:17] "GET /api/courses/ HTTP/1.1" 200 1597
[31/May/2026 02:01:17] "GET /api/courses/ HTTP/1.1" 200 1597
[31/May/2026 02:01:30] "GET /api/assignments/ HTTP/1.1" 200 1320
[31/May/2026 02:01:30] "GET /api/submissions/ HTTP/1.1" 200 1791
[31/May/2026 02:01:30] "GET /api/assignments/ HTTP/1.1" 200 1320
[31/May/2026 02:01:30] "GET /api/submissions/ HTTP/1.1" 200 1791
[31/May/2026 02:01:34] "GET /api/notifications/ HTTP/1.1" 200 799
[31/May/2026 02:01:34] "GET /api/notifications/ HTTP/1.1" 200 799
[31/May/2026 02:01:41] "OPTIONS /api/users/ HTTP/1.1" 200 0
[31/May/2026 02:01:41] "OPTIONS /api/programs/ HTTP/1.1" 200 0
[31/May/2026 02:01:41] "OPTIONS /api/terms/ HTTP/1.1" 200 0
[31/May/2026 02:01:41] "OPTIONS /api/terms/ HTTP/1.1" 200 0
[31/May/2026 02:01:41] "OPTIONS /api/users/instructors/ HTTP/1.1" 200 0
[31/May/2026 02:01:41] "OPTIONS /api/workflow-records/ HTTP/1.1" 200 0
[31/May/2026 02:01:41] "OPTIONS /api/users/instructors/ HTTP/1.1" 200 0
[31/May/2026 02:01:41] "OPTIONS /api/workflow-records/ HTTP/1.1" 200 0
[31/May/2026 02:01:41] "GET /api/programs/ HTTP/1.1" 200 359
[31/May/2026 02:01:41] "GET /api/users/ HTTP/1.1" 200 1019
[31/May/2026 02:01:41] "GET /api/terms/ HTTP/1.1" 200 102
[31/May/2026 02:01:41] "GET /api/users/instructors/ HTTP/1.1" 200 325
[31/May/2026 02:01:41] "GET /api/workflow-records/ HTTP/1.1" 200 2128
[31/May/2026 02:01:41] "GET /api/users/ HTTP/1.1" 200 1019
[31/May/2026 02:01:41] "GET /api/terms/ HTTP/1.1" 200 102
[31/May/2026 02:01:41] "GET /api/workflow-records/ HTTP/1.1" 200 2128
[31/May/2026 02:01:41] "GET /api/users/instructors/ HTTP/1.1" 200 325
[31/May/2026 02:01:41] "GET /api/programs/ HTTP/1.1" 200 359
[31/May/2026 02:01:44] "GET /api/dashboard/ HTTP/1.1" 200 105
[31/May/2026 02:01:44] "GET /api/dashboard/ HTTP/1.1" 200 105
[31/May/2026 02:02:46] "POST /api/auth/logout/ HTTP/1.1" 204 0
[31/May/2026 02:03:08] "POST /api/auth/login/ HTTP/1.1" 200 203
[31/May/2026 02:03:08] "GET /api/dashboard/ HTTP/1.1" 200 122
[31/May/2026 02:03:08] "GET /api/dashboard/ HTTP/1.1" 200 122
[31/May/2026 02:05:40] "GET /api/courses/ HTTP/1.1" 200 1608
[31/May/2026 02:05:40] "GET /api/courses/ HTTP/1.1" 200 1608
[31/May/2026 02:05:43] "GET /api/submissions/ HTTP/1.1" 200 1804
[31/May/2026 02:05:43] "GET /api/assignments/ HTTP/1.1" 200 1333
[31/May/2026 02:05:43] "GET /api/assignments/ HTTP/1.1" 200 1333
[31/May/2026 02:05:43] "GET /api/submissions/ HTTP/1.1" 200 1804
[31/May/2026 02:05:44] "GET /api/notifications/ HTTP/1.1" 200 388
[31/May/2026 02:05:44] "GET /api/notifications/ HTTP/1.1" 200 388
[31/May/2026 02:06:05] "POST /api/auth/logout/ HTTP/1.1" 204 0
Bad Request: /api/auth/login/
[31/May/2026 02:07:30] "POST /api/auth/login/ HTTP/1.1" 400 42
[31/May/2026 02:07:39] "POST /api/auth/login/ HTTP/1.1" 200 203
[31/May/2026 02:07:39] "GET /api/dashboard/ HTTP/1.1" 200 122
[31/May/2026 02:07:39] "GET /api/dashboard/ HTTP/1.1" 200 122
[31/May/2026 02:07:42] "GET /api/courses/ HTTP/1.1" 200 1608
[31/May/2026 02:07:42] "GET /api/courses/ HTTP/1.1" 200 1608
[31/May/2026 02:07:45] "GET /api/assignments/ HTTP/1.1" 200 1333
[31/May/2026 02:07:45] "GET /api/submissions/ HTTP/1.1" 200 1804
[31/May/2026 02:07:45] "GET /api/assignments/ HTTP/1.1" 200 1333
[31/May/2026 02:07:45] "GET /api/submissions/ HTTP/1.1" 200 1804
[31/May/2026 02:07:47] "GET /api/notifications/ HTTP/1.1" 200 388
[31/May/2026 02:07:47] "GET /api/notifications/ HTTP/1.1" 200 388
[31/May/2026 02:08:25] "OPTIONS /api/auth/change-password/ HTTP/1.1" 200 0
[31/May/2026 02:08:26] "POST /api/auth/change-password/ HTTP/1.1" 200 52
Unauthorized: /api/auth/logout/
[31/May/2026 02:08:26] "POST /api/auth/logout/ HTTP/1.1" 401 27
[31/May/2026 02:08:38] "POST /api/auth/login/ HTTP/1.1" 200 203
[31/May/2026 02:08:38] "GET /api/dashboard/ HTTP/1.1" 200 122
[31/May/2026 02:08:38] "GET /api/dashboard/ HTTP/1.1" 200 122
[31/May/2026 02:26:09] "OPTIONS /api/me/ HTTP/1.1" 200 0
[31/May/2026 02:26:09] "OPTIONS /api/me/ HTTP/1.1" 200 0
[31/May/2026 02:26:09] "GET /api/me/ HTTP/1.1" 200 143
[31/May/2026 02:26:09] "GET /api/me/ HTTP/1.1" 200 143
[31/May/2026 02:26:09] "GET /api/me/ HTTP/1.1" 200 143
[31/May/2026 02:26:09] "GET /api/me/ HTTP/1.1" 200 143
[31/May/2026 02:26:09] "GET /api/courses/ HTTP/1.1" 200 1608
[31/May/2026 02:26:09] "GET /api/dashboard/ HTTP/1.1" 200 122
[31/May/2026 02:26:09] "GET /api/dashboard/ HTTP/1.1" 200 122
[31/May/2026 02:26:09] "GET /api/courses/ HTTP/1.1" 200 1608
[31/May/2026 02:26:21] "POST /api/auth/logout/ HTTP/1.1" 204 0
Bad Request: /api/auth/login/
[31/May/2026 02:26:27] "POST /api/auth/login/ HTTP/1.1" 400 42
Bad Request: /api/auth/login/
[31/May/2026 02:27:41] "POST /api/auth/login/ HTTP/1.1" 400 42
Bad Request: /api/auth/login/
[31/May/2026 02:27:51] "POST /api/auth/login/ HTTP/1.1" 400 42
Bad Request: /api/auth/login/
[31/May/2026 02:28:08] "POST /api/auth/login/ HTTP/1.1" 400 42
Bad Request: /api/auth/login/
[31/May/2026 02:30:21] "POST /api/auth/login/ HTTP/1.1" 400 42
Bad Request: /api/auth/login/
[31/May/2026 02:30:33] "POST /api/auth/login/ HTTP/1.1" 400 42
Bad Request: /api/auth/login/
[31/May/2026 02:30:50] "POST /api/auth/login/ HTTP/1.1" 400 42
[31/May/2026 02:30:57] "POST /api/auth/password-reset/request/ HTTP/1.1" 200 133
Bad Request: /api/auth/password-reset/confirm/
[31/May/2026 02:33:25] "POST /api/auth/password-reset/confirm/ HTTP/1.1" 400 86
Bad Request: /api/auth/password-reset/confirm/
[31/May/2026 02:33:40] "POST /api/auth/password-reset/confirm/ HTTP/1.1" 400 86
[31/May/2026 02:34:04] "POST /api/auth/password-reset/confirm/ HTTP/1.1" 200 66
[31/May/2026 02:34:15] "POST /api/auth/login/ HTTP/1.1" 200 203
[31/May/2026 02:34:15] "GET /api/dashboard/ HTTP/1.1" 200 122
[31/May/2026 02:34:15] "GET /api/dashboard/ HTTP/1.1" 200 122
[31/May/2026 02:34:53] "GET /api/courses/ HTTP/1.1" 200 1608
[31/May/2026 02:34:53] "GET /api/courses/ HTTP/1.1" 200 1608
[31/May/2026 02:35:02] "GET /api/assignments/ HTTP/1.1" 200 1333
[31/May/2026 02:35:02] "GET /api/submissions/ HTTP/1.1" 200 1804
[31/May/2026 02:35:02] "GET /api/assignments/ HTTP/1.1" 200 1333
[31/May/2026 02:35:02] "GET /api/submissions/ HTTP/1.1" 200 1804
[31/May/2026 02:35:06] "GET /api/notifications/ HTTP/1.1" 200 388
[31/May/2026 02:35:07] "GET /api/notifications/ HTTP/1.1" 200 388
[31/May/2026 02:35:09] "GET /api/notifications/ HTTP/1.1" 200 388
[31/May/2026 02:35:09] "GET /api/notifications/ HTTP/1.1" 200 388
[31/May/2026 02:35:12] "GET /api/assignments/ HTTP/1.1" 200 1333
[31/May/2026 02:35:12] "GET /api/submissions/ HTTP/1.1" 200 1804
[31/May/2026 02:35:12] "GET /api/assignments/ HTTP/1.1" 200 1333
[31/May/2026 02:35:12] "GET /api/submissions/ HTTP/1.1" 200 1804
[31/May/2026 02:35:13] "GET /api/courses/ HTTP/1.1" 200 1608
[31/May/2026 02:35:13] "GET /api/courses/ HTTP/1.1" 200 1608
[31/May/2026 02:35:14] "GET /api/notifications/ HTTP/1.1" 200 388
[31/May/2026 02:35:14] "GET /api/notifications/ HTTP/1.1" 200 388
[31/May/2026 02:35:16] "GET /api/submissions/ HTTP/1.1" 200 1804
[31/May/2026 02:35:16] "GET /api/assignments/ HTTP/1.1" 200 1333
[31/May/2026 02:35:16] "GET /api/assignments/ HTTP/1.1" 200 1333
[31/May/2026 02:35:16] "GET /api/submissions/ HTTP/1.1" 200 1804
[31/May/2026 02:35:18] "GET /api/courses/ HTTP/1.1" 200 1608
[31/May/2026 02:35:18] "GET /api/courses/ HTTP/1.1" 200 1608
[31/May/2026 02:35:18] "GET /api/assignments/ HTTP/1.1" 200 1333
[31/May/2026 02:35:18] "GET /api/submissions/ HTTP/1.1" 200 1804
[31/May/2026 02:35:19] "GET /api/assignments/ HTTP/1.1" 200 1333
[31/May/2026 02:35:19] "GET /api/submissions/ HTTP/1.1" 200 1804
[31/May/2026 02:35:19] "GET /api/dashboard/ HTTP/1.1" 200 122
[31/May/2026 02:35:19] "GET /api/dashboard/ HTTP/1.1" 200 122
[31/May/2026 02:35:22] "POST /api/auth/logout/ HTTP/1.1" 204 0
Bad Request: /api/auth/login/
[31/May/2026 02:36:03] "POST /api/auth/login/ HTTP/1.1" 400 42
[31/May/2026 02:36:17] "POST /api/auth/login/ HTTP/1.1" 200 203
[31/May/2026 02:36:17] "GET /api/dashboard/ HTTP/1.1" 200 122
[31/May/2026 02:36:17] "GET /api/dashboard/ HTTP/1.1" 200 122
[31/May/2026 02:36:23] "POST /api/auth/logout/ HTTP/1.1" 204 0
[31/May/2026 02:36:29] "POST /api/auth/login/ HTTP/1.1" 200 222
[31/May/2026 02:36:29] "GET /api/dashboard/ HTTP/1.1" 200 116
[31/May/2026 02:36:29] "GET /api/dashboard/ HTTP/1.1" 200 116
[31/May/2026 02:41:38] "GET /api/me/ HTTP/1.1" 200 162
[31/May/2026 02:41:38] "GET /api/me/ HTTP/1.1" 200 162
[31/May/2026 02:41:38] "OPTIONS /api/dashboard/ HTTP/1.1" 200 0
[31/May/2026 02:41:38] "OPTIONS /api/dashboard/ HTTP/1.1" 200 0
[31/May/2026 02:41:38] "GET /api/dashboard/ HTTP/1.1" 200 116
[31/May/2026 02:41:38] "GET /api/dashboard/ HTTP/1.1" 200 116
[31/May/2026 02:41:50] "OPTIONS /api/courses/ HTTP/1.1" 200 0
[31/May/2026 02:41:50] "OPTIONS /api/courses/ HTTP/1.1" 200 0
[31/May/2026 02:41:50] "GET /api/courses/ HTTP/1.1" 200 1597
[31/May/2026 02:41:50] "GET /api/courses/ HTTP/1.1" 200 1597
[31/May/2026 02:41:52] "OPTIONS /api/assignments/ HTTP/1.1" 200 0
[31/May/2026 02:41:52] "OPTIONS /api/submissions/ HTTP/1.1" 200 0
[31/May/2026 02:41:52] "OPTIONS /api/submissions/ HTTP/1.1" 200 0
[31/May/2026 02:41:52] "OPTIONS /api/assignments/ HTTP/1.1" 200 0
[31/May/2026 02:41:52] "GET /api/assignments/ HTTP/1.1" 200 1320
[31/May/2026 02:41:52] "GET /api/submissions/ HTTP/1.1" 200 1791
[31/May/2026 02:41:52] "GET /api/submissions/ HTTP/1.1" 200 1791
[31/May/2026 02:41:52] "GET /api/assignments/ HTTP/1.1" 200 1320
[31/May/2026 02:41:54] "GET /api/dashboard/ HTTP/1.1" 200 116
[31/May/2026 02:41:54] "GET /api/dashboard/ HTTP/1.1" 200 116
[31/May/2026 02:45:59] "GET /api/me/ HTTP/1.1" 200 162
[31/May/2026 02:45:59] "GET /api/me/ HTTP/1.1" 200 162
[31/May/2026 02:46:28] "GET /api/courses/ HTTP/1.1" 200 1597
[31/May/2026 02:46:28] "GET /api/courses/ HTTP/1.1" 200 1597
[31/May/2026 02:46:37] "GET /api/courses/ HTTP/1.1" 200 1597
[31/May/2026 02:46:37] "GET /api/courses/ HTTP/1.1" 200 1597
[31/May/2026 02:46:40] "GET /api/assignments/ HTTP/1.1" 200 1320
[31/May/2026 02:46:40] "GET /api/submissions/ HTTP/1.1" 200 1791
[31/May/2026 02:46:40] "GET /api/assignments/ HTTP/1.1" 200 1320
[31/May/2026 02:46:40] "GET /api/submissions/ HTTP/1.1" 200 1791
[31/May/2026 02:46:42] "GET /api/notifications/ HTTP/1.1" 200 412
[31/May/2026 02:46:42] "GET /api/notifications/ HTTP/1.1" 200 412
[31/May/2026 02:49:04] "GET /api/me/ HTTP/1.1" 200 162
[31/May/2026 02:49:04] "GET /api/me/ HTTP/1.1" 200 162
[31/May/2026 02:49:04] "GET /api/me/ HTTP/1.1" 200 162
[31/May/2026 02:49:04] "GET /api/me/ HTTP/1.1" 200 162
[31/May/2026 02:49:04] "GET /api/courses/ HTTP/1.1" 200 1597
[31/May/2026 02:49:04] "GET /api/courses/ HTTP/1.1" 200 1597
[31/May/2026 02:49:31] "GET /api/me/ HTTP/1.1" 200 162
[31/May/2026 02:49:31] "GET /api/me/ HTTP/1.1" 200 162
[31/May/2026 02:49:32] "GET /api/me/ HTTP/1.1" 200 162
[31/May/2026 02:49:32] "GET /api/me/ HTTP/1.1" 200 162
[31/May/2026 02:49:32] "GET /api/dashboard/ HTTP/1.1" 200 116
[31/May/2026 02:49:32] "GET /api/dashboard/ HTTP/1.1" 200 116
[31/May/2026 02:49:57] "GET /api/courses/ HTTP/1.1" 200 1597
[31/May/2026 02:49:57] "GET /api/courses/ HTTP/1.1" 200 1597
[31/May/2026 02:49:59] "GET /api/dashboard/ HTTP/1.1" 200 116
[31/May/2026 02:49:59] "GET /api/dashboard/ HTTP/1.1" 200 116
[31/May/2026 02:50:06] "GET /api/courses/ HTTP/1.1" 200 1597
[31/May/2026 02:50:06] "GET /api/courses/ HTTP/1.1" 200 1597
[31/May/2026 02:50:07] "GET /api/assignments/ HTTP/1.1" 200 1320
[31/May/2026 02:50:07] "GET /api/submissions/ HTTP/1.1" 200 1791
[31/May/2026 02:50:07] "GET /api/assignments/ HTTP/1.1" 200 1320
[31/May/2026 02:50:08] "GET /api/submissions/ HTTP/1.1" 200 1791
[31/May/2026 02:50:09] "GET /api/notifications/ HTTP/1.1" 200 412
[31/May/2026 02:50:09] "GET /api/notifications/ HTTP/1.1" 200 412
[31/May/2026 02:50:11] "GET /api/dashboard/ HTTP/1.1" 200 116
[31/May/2026 02:50:11] "GET /api/dashboard/ HTTP/1.1" 200 116
[31/May/2026 02:54:34] "GET /api/me/ HTTP/1.1" 200 162
[31/May/2026 02:54:34] "GET /api/me/ HTTP/1.1" 200 162
[31/May/2026 02:54:35] "GET /api/dashboard/ HTTP/1.1" 200 116
[31/May/2026 02:54:35] "GET /api/dashboard/ HTTP/1.1" 200 116
[31/May/2026 02:55:25] "GET /api/assignments/ HTTP/1.1" 200 1320
[31/May/2026 02:55:25] "GET /api/submissions/ HTTP/1.1" 200 1791
[31/May/2026 02:55:25] "GET /api/submissions/ HTTP/1.1" 200 1791
[31/May/2026 02:55:25] "GET /api/assignments/ HTTP/1.1" 200 1320
[31/May/2026 02:55:27] "GET /api/notifications/ HTTP/1.1" 200 412
[31/May/2026 02:55:27] "GET /api/notifications/ HTTP/1.1" 200 412
[31/May/2026 02:55:30] "GET /api/notifications/ HTTP/1.1" 200 412
[31/May/2026 02:55:30] "GET /api/notifications/ HTTP/1.1" 200 412
[31/May/2026 02:55:36] "GET /api/dashboard/ HTTP/1.1" 200 116
[31/May/2026 02:55:36] "GET /api/dashboard/ HTTP/1.1" 200 116
[31/May/2026 02:56:48] "GET /api/me/ HTTP/1.1" 200 162
[31/May/2026 02:56:48] "GET /api/me/ HTTP/1.1" 200 162
[31/May/2026 02:57:12] "GET /api/dashboard/ HTTP/1.1" 200 116
[31/May/2026 02:57:12] "GET /api/dashboard/ HTTP/1.1" 200 116
[31/May/2026 02:57:56] "GET /api/dashboard/ HTTP/1.1" 200 116
[31/May/2026 02:57:56] "GET /api/dashboard/ HTTP/1.1" 200 116
[31/May/2026 02:58:07] "GET /api/dashboard/ HTTP/1.1" 200 116
[31/May/2026 02:58:07] "GET /api/dashboard/ HTTP/1.1" 200 116
[31/May/2026 03:01:06] "GET /api/me/ HTTP/1.1" 200 162
[31/May/2026 03:01:06] "GET /api/me/ HTTP/1.1" 200 162
[31/May/2026 03:02:15] "GET /api/dashboard/ HTTP/1.1" 200 116
[31/May/2026 03:02:15] "GET /api/dashboard/ HTTP/1.1" 200 116
[31/May/2026 03:06:23] "GET /api/dashboard/ HTTP/1.1" 200 116
[31/May/2026 03:06:23] "GET /api/dashboard/ HTTP/1.1" 200 116
[31/May/2026 03:06:43] "GET /api/dashboard/ HTTP/1.1" 200 116
[31/May/2026 03:06:43] "GET /api/dashboard/ HTTP/1.1" 200 116
[31/May/2026 03:06:43] "GET /api/dashboard/ HTTP/1.1" 200 116
[31/May/2026 03:06:43] "GET /api/dashboard/ HTTP/1.1" 200 116
[31/May/2026 03:08:12] "GET /api/me/ HTTP/1.1" 200 162
[31/May/2026 03:08:12] "GET /api/me/ HTTP/1.1" 200 162
[31/May/2026 03:08:14] "GET /api/dashboard/ HTTP/1.1" 200 116
[31/May/2026 03:08:14] "GET /api/dashboard/ HTTP/1.1" 200 116
Not Found: /
[31/May/2026 03:08:48] "GET / HTTP/1.1" 404 2310
[31/May/2026 03:08:48] "GET /api HTTP/1.1" 301 0
Unauthorized: /api/
[31/May/2026 03:08:48] "GET /api/ HTTP/1.1" 401 4986
[31/May/2026 03:08:48] "GET /api/me/ HTTP/1.1" 200 162
[31/May/2026 03:08:48] "GET /api/me/ HTTP/1.1" 200 162
[31/May/2026 03:08:57] "GET /api/dashboard/ HTTP/1.1" 200 116
[31/May/2026 03:08:57] "GET /api/dashboard/ HTTP/1.1" 200 116
[31/May/2026 03:09:01] "GET /api/me/ HTTP/1.1" 200 162
[31/May/2026 03:09:01] "GET /api/me/ HTTP/1.1" 200 162
[31/May/2026 03:09:01] "GET /api/dashboard/ HTTP/1.1" 200 116
[31/May/2026 03:09:01] "GET /api/dashboard/ HTTP/1.1" 200 116
[31/May/2026 03:09:42] "GET /api/dashboard/ HTTP/1.1" 200 116
[31/May/2026 03:09:42] "GET /api/dashboard/ HTTP/1.1" 200 116
[31/May/2026 03:09:47] "GET /api/courses/ HTTP/1.1" 200 1597
[31/May/2026 03:09:47] "GET /api/courses/ HTTP/1.1" 200 1597
[31/May/2026 03:09:49] "GET /api/submissions/ HTTP/1.1" 200 1791
[31/May/2026 03:09:49] "GET /api/assignments/ HTTP/1.1" 200 1320
[31/May/2026 03:09:49] "GET /api/assignments/ HTTP/1.1" 200 1320
[31/May/2026 03:09:49] "GET /api/submissions/ HTTP/1.1" 200 1791
[31/May/2026 03:09:50] "OPTIONS /api/notifications/ HTTP/1.1" 200 0
[31/May/2026 03:09:50] "OPTIONS /api/notifications/ HTTP/1.1" 200 0
[31/May/2026 03:09:50] "GET /api/notifications/ HTTP/1.1" 200 412
[31/May/2026 03:09:50] "GET /api/notifications/ HTTP/1.1" 200 412
[31/May/2026 03:09:53] "GET /api/assignments/ HTTP/1.1" 200 1320
[31/May/2026 03:09:53] "GET /api/submissions/ HTTP/1.1" 200 1791
[31/May/2026 03:09:53] "GET /api/assignments/ HTTP/1.1" 200 1320
[31/May/2026 03:09:53] "GET /api/submissions/ HTTP/1.1" 200 1791
[31/May/2026 03:09:55] "GET /api/notifications/ HTTP/1.1" 200 412
[31/May/2026 03:09:55] "GET /api/notifications/ HTTP/1.1" 200 412
[31/May/2026 03:09:56] "GET /api/assignments/ HTTP/1.1" 200 1320
[31/May/2026 03:09:56] "GET /api/submissions/ HTTP/1.1" 200 1791
[31/May/2026 03:09:57] "GET /api/assignments/ HTTP/1.1" 200 1320
[31/May/2026 03:09:57] "GET /api/submissions/ HTTP/1.1" 200 1791
[31/May/2026 03:09:59] "GET /api/notifications/ HTTP/1.1" 200 412
[31/May/2026 03:09:59] "GET /api/notifications/ HTTP/1.1" 200 412
[31/May/2026 03:09:59] "GET /api/assignments/ HTTP/1.1" 200 1320
[31/May/2026 03:09:59] "GET /api/submissions/ HTTP/1.1" 200 1791
[31/May/2026 03:09:59] "GET /api/submissions/ HTTP/1.1" 200 1791
[31/May/2026 03:09:59] "GET /api/assignments/ HTTP/1.1" 200 1320
[31/May/2026 03:10:00] "GET /api/courses/ HTTP/1.1" 200 1597
[31/May/2026 03:10:00] "GET /api/courses/ HTTP/1.1" 200 1597
[31/May/2026 03:10:01] "GET /api/dashboard/ HTTP/1.1" 200 116
[31/May/2026 03:10:01] "GET /api/dashboard/ HTTP/1.1" 200 116
[31/May/2026 03:12:14] "GET /api/me/ HTTP/1.1" 200 162
[31/May/2026 03:12:14] "GET /api/me/ HTTP/1.1" 200 162
[31/May/2026 03:13:22] "GET /api/dashboard/ HTTP/1.1" 200 116
[31/May/2026 03:13:22] "GET /api/dashboard/ HTTP/1.1" 200 116
[31/May/2026 03:13:51] "GET /api/dashboard/ HTTP/1.1" 200 116
[31/May/2026 03:13:51] "GET /api/dashboard/ HTTP/1.1" 200 116
[31/May/2026 03:13:58] "GET /api/assignments/ HTTP/1.1" 200 1320
[31/May/2026 03:13:58] "GET /api/submissions/ HTTP/1.1" 200 1791
[31/May/2026 03:13:58] "GET /api/assignments/ HTTP/1.1" 200 1320
[31/May/2026 03:13:58] "GET /api/submissions/ HTTP/1.1" 200 1791
[31/May/2026 03:14:00] "GET /api/notifications/ HTTP/1.1" 200 412
[31/May/2026 03:14:00] "GET /api/notifications/ HTTP/1.1" 200 412
[31/May/2026 03:14:02] "GET /api/notifications/ HTTP/1.1" 200 412
[31/May/2026 03:14:02] "GET /api/notifications/ HTTP/1.1" 200 412
[31/May/2026 03:14:04] "GET /api/submissions/ HTTP/1.1" 200 1791
[31/May/2026 03:14:04] "GET /api/assignments/ HTTP/1.1" 200 1320
[31/May/2026 03:14:04] "GET /api/assignments/ HTTP/1.1" 200 1320
[31/May/2026 03:14:04] "GET /api/submissions/ HTTP/1.1" 200 1791
[31/May/2026 03:14:05] "GET /api/courses/ HTTP/1.1" 200 1597
[31/May/2026 03:14:05] "GET /api/courses/ HTTP/1.1" 200 1597
[31/May/2026 03:14:06] "GET /api/dashboard/ HTTP/1.1" 200 116
[31/May/2026 03:14:06] "GET /api/dashboard/ HTTP/1.1" 200 116
[31/May/2026 03:14:08] "GET /api/assignments/ HTTP/1.1" 200 1320
[31/May/2026 03:14:08] "GET /api/submissions/ HTTP/1.1" 200 1791
[31/May/2026 03:14:08] "GET /api/submissions/ HTTP/1.1" 200 1791
[31/May/2026 03:14:08] "GET /api/assignments/ HTTP/1.1" 200 1320
[31/May/2026 03:14:18] "GET /api/dashboard/ HTTP/1.1" 200 116
[31/May/2026 03:14:18] "GET /api/dashboard/ HTTP/1.1" 200 116
[31/May/2026 03:14:19] "GET /api/courses/ HTTP/1.1" 200 1597
[31/May/2026 03:14:19] "GET /api/courses/ HTTP/1.1" 200 1597
[31/May/2026 03:14:21] "GET /api/submissions/ HTTP/1.1" 200 1791
[31/May/2026 03:14:21] "GET /api/assignments/ HTTP/1.1" 200 1320
[31/May/2026 03:14:21] "GET /api/submissions/ HTTP/1.1" 200 1791
[31/May/2026 03:14:21] "GET /api/assignments/ HTTP/1.1" 200 1320
[31/May/2026 03:14:22] "GET /api/courses/ HTTP/1.1" 200 1597
[31/May/2026 03:14:22] "GET /api/courses/ HTTP/1.1" 200 1597
[31/May/2026 03:14:46] "GET /api/submissions/ HTTP/1.1" 200 1791
[31/May/2026 03:14:46] "GET /api/assignments/ HTTP/1.1" 200 1320
[31/May/2026 03:14:46] "GET /api/assignments/ HTTP/1.1" 200 1320
[31/May/2026 03:14:46] "GET /api/submissions/ HTTP/1.1" 200 1791
[31/May/2026 03:14:48] "GET /api/courses/ HTTP/1.1" 200 1597
[31/May/2026 03:14:48] "GET /api/courses/ HTTP/1.1" 200 1597
[31/May/2026 03:14:49] "GET /api/dashboard/ HTTP/1.1" 200 116
[31/May/2026 03:14:49] "GET /api/dashboard/ HTTP/1.1" 200 116
[31/May/2026 03:14:51] "GET /api/assignments/ HTTP/1.1" 200 1320
[31/May/2026 03:14:51] "GET /api/submissions/ HTTP/1.1" 200 1791
[31/May/2026 03:14:51] "GET /api/assignments/ HTTP/1.1" 200 1320
[31/May/2026 03:14:51] "GET /api/submissions/ HTTP/1.1" 200 1791
[31/May/2026 03:14:51] "GET /api/dashboard/ HTTP/1.1" 200 116
[31/May/2026 03:14:51] "GET /api/dashboard/ HTTP/1.1" 200 116
[31/May/2026 03:14:52] "GET /api/courses/ HTTP/1.1" 200 1597
[31/May/2026 03:14:52] "GET /api/courses/ HTTP/1.1" 200 1597
[31/May/2026 03:14:53] "GET /api/submissions/ HTTP/1.1" 200 1791
[31/May/2026 03:14:53] "GET /api/assignments/ HTTP/1.1" 200 1320
[31/May/2026 03:14:53] "GET /api/submissions/ HTTP/1.1" 200 1791
[31/May/2026 03:14:53] "GET /api/assignments/ HTTP/1.1" 200 1320
[31/May/2026 03:14:54] "GET /api/notifications/ HTTP/1.1" 200 412
[31/May/2026 03:14:54] "GET /api/notifications/ HTTP/1.1" 200 412
[31/May/2026 03:14:55] "GET /api/notifications/ HTTP/1.1" 200 412
[31/May/2026 03:14:55] "GET /api/notifications/ HTTP/1.1" 200 412
[31/May/2026 03:14:56] "GET /api/submissions/ HTTP/1.1" 200 1791
[31/May/2026 03:14:56] "GET /api/assignments/ HTTP/1.1" 200 1320
[31/May/2026 03:14:56] "GET /api/assignments/ HTTP/1.1" 200 1320
[31/May/2026 03:14:56] "GET /api/submissions/ HTTP/1.1" 200 1791
[31/May/2026 03:14:57] "GET /api/dashboard/ HTTP/1.1" 200 116
[31/May/2026 03:14:57] "GET /api/dashboard/ HTTP/1.1" 200 116
[31/May/2026 05:02:16] "OPTIONS /api/me/ HTTP/1.1" 200 0
[31/May/2026 05:02:16] "OPTIONS /api/me/ HTTP/1.1" 200 0
[31/May/2026 05:02:16] "GET /api/me/ HTTP/1.1" 200 162
[31/May/2026 05:02:16] "GET /api/me/ HTTP/1.1" 200 162
[31/May/2026 05:02:16] "GET /api/me/ HTTP/1.1" 200 162
[31/May/2026 05:02:16] "GET /api/me/ HTTP/1.1" 200 162
[31/May/2026 05:02:16] "OPTIONS /api/dashboard/ HTTP/1.1" 200 0
[31/May/2026 05:02:16] "GET /api/dashboard/ HTTP/1.1" 200 116
[31/May/2026 05:02:16] "GET /api/dashboard/ HTTP/1.1" 200 116
[31/May/2026 06:49:17] "GET /api/me/ HTTP/1.1" 200 162
[31/May/2026 06:49:17] "GET /api/me/ HTTP/1.1" 200 162
[31/May/2026 06:49:17] "GET /api/me/ HTTP/1.1" 200 162
[31/May/2026 06:49:17] "GET /api/me/ HTTP/1.1" 200 162
[31/May/2026 06:49:17] "GET /api/dashboard/ HTTP/1.1" 200 116
[31/May/2026 06:49:17] "GET /api/dashboard/ HTTP/1.1" 200 116
[31/May/2026 07:27:02] "OPTIONS /api/me/ HTTP/1.1" 200 0
[31/May/2026 07:27:02] "GET /api/me/ HTTP/1.1" 200 162
[31/May/2026 07:27:02] "GET /api/me/ HTTP/1.1" 200 162
[31/May/2026 07:27:02] "GET /api/me/ HTTP/1.1" 200 162
[31/May/2026 07:27:02] "GET /api/me/ HTTP/1.1" 200 162
[31/May/2026 07:27:03] "OPTIONS /api/dashboard/ HTTP/1.1" 200 0
[31/May/2026 07:27:03] "GET /api/dashboard/ HTTP/1.1" 200 116
[31/May/2026 07:27:03] "GET /api/dashboard/ HTTP/1.1" 200 116
[31/May/2026 07:27:30] "GET /api/dashboard/ HTTP/1.1" 200 116
[31/May/2026 07:27:30] "GET /api/dashboard/ HTTP/1.1" 200 116
[31/May/2026 07:27:33] "OPTIONS /api/assignments/ HTTP/1.1" 200 0
[31/May/2026 07:27:33] "OPTIONS /api/assignments/ HTTP/1.1" 200 0
[31/May/2026 07:27:33] "OPTIONS /api/submissions/ HTTP/1.1" 200 0
[31/May/2026 07:27:33] "OPTIONS /api/submissions/ HTTP/1.1" 200 0
[31/May/2026 07:27:33] "GET /api/assignments/ HTTP/1.1" 200 1320
[31/May/2026 07:27:33] "GET /api/submissions/ HTTP/1.1" 200 1791
[31/May/2026 07:27:33] "GET /api/assignments/ HTTP/1.1" 200 1320
[31/May/2026 07:27:33] "GET /api/submissions/ HTTP/1.1" 200 1791
[31/May/2026 07:27:37] "OPTIONS /api/notifications/ HTTP/1.1" 200 0
[31/May/2026 07:27:37] "OPTIONS /api/notifications/ HTTP/1.1" 200 0
[31/May/2026 07:27:37] "GET /api/notifications/ HTTP/1.1" 200 412
[31/May/2026 07:27:37] "GET /api/notifications/ HTTP/1.1" 200 412
[31/May/2026 07:27:44] "GET /api/submissions/ HTTP/1.1" 200 1791
[31/May/2026 07:27:44] "GET /api/assignments/ HTTP/1.1" 200 1320
[31/May/2026 07:27:44] "GET /api/assignments/ HTTP/1.1" 200 1320
[31/May/2026 07:27:44] "GET /api/submissions/ HTTP/1.1" 200 1791
[31/May/2026 07:27:48] "GET /api/notifications/ HTTP/1.1" 200 412
[31/May/2026 07:27:49] "GET /api/notifications/ HTTP/1.1" 200 412
[31/May/2026 07:27:50] "GET /api/assignments/ HTTP/1.1" 200 1320
[31/May/2026 07:27:50] "GET /api/submissions/ HTTP/1.1" 200 1791
[31/May/2026 07:27:50] "GET /api/assignments/ HTTP/1.1" 200 1320
[31/May/2026 07:27:50] "GET /api/submissions/ HTTP/1.1" 200 1791
[31/May/2026 07:27:50] "GET /api/dashboard/ HTTP/1.1" 200 116
[31/May/2026 07:27:50] "GET /api/dashboard/ HTTP/1.1" 200 116
[31/May/2026 07:30:04] "GET /api/me/ HTTP/1.1" 200 162
[31/May/2026 07:30:04] "GET /api/me/ HTTP/1.1" 200 162
[31/May/2026 07:30:04] "GET /api/me/ HTTP/1.1" 200 162
[31/May/2026 07:30:04] "GET /api/dashboard/ HTTP/1.1" 200 116
[31/May/2026 07:30:04] "GET /api/me/ HTTP/1.1" 200 162
[31/May/2026 07:30:05] "GET /api/dashboard/ HTTP/1.1" 200 116
[31/May/2026 07:41:30] "OPTIONS /api/auth/login/ HTTP/1.1" 200 0
Bad Request: /api/auth/login/
[31/May/2026 07:41:32] "POST /api/auth/login/ HTTP/1.1" 400 42
[31/May/2026 07:41:49] "POST /api/auth/login/ HTTP/1.1" 200 203
[31/May/2026 07:41:49] "OPTIONS /api/dashboard/ HTTP/1.1" 200 0
[31/May/2026 07:41:49] "OPTIONS /api/dashboard/ HTTP/1.1" 200 0
[31/May/2026 07:41:49] "GET /api/dashboard/ HTTP/1.1" 200 122
[31/May/2026 07:41:49] "GET /api/dashboard/ HTTP/1.1" 200 122
[31/May/2026 07:42:25] "OPTIONS /api/courses/ HTTP/1.1" 200 0
[31/May/2026 07:42:25] "OPTIONS /api/courses/ HTTP/1.1" 200 0
[31/May/2026 07:42:25] "GET /api/courses/ HTTP/1.1" 200 1608
[31/May/2026 07:42:25] "GET /api/courses/ HTTP/1.1" 200 1608
[31/May/2026 07:42:34] "OPTIONS /api/materials/ HTTP/1.1" 200 0
[31/May/2026 07:42:34] "OPTIONS /api/courses/1/ HTTP/1.1" 200 0
[31/May/2026 07:42:34] "OPTIONS /api/courses/1/ HTTP/1.1" 200 0
[31/May/2026 07:42:34] "OPTIONS /api/enrollments/ HTTP/1.1" 200 0
[31/May/2026 07:42:34] "OPTIONS /api/assignments/ HTTP/1.1" 200 0
[31/May/2026 07:42:34] "OPTIONS /api/assignments/ HTTP/1.1" 200 0
[31/May/2026 07:42:34] "OPTIONS /api/materials/ HTTP/1.1" 200 0
[31/May/2026 07:42:34] "OPTIONS /api/enrollments/ HTTP/1.1" 200 0
[31/May/2026 07:42:34] "GET /api/courses/1/ HTTP/1.1" 200 823
[31/May/2026 07:42:34] "GET /api/assignments/ HTTP/1.1" 200 1333
[31/May/2026 07:42:34] "GET /api/materials/ HTTP/1.1" 200 2534
[31/May/2026 07:42:34] "GET /api/enrollments/ HTTP/1.1" 200 2191
[31/May/2026 07:42:34] "GET /api/courses/1/ HTTP/1.1" 200 823
[31/May/2026 07:42:34] "GET /api/assignments/ HTTP/1.1" 200 1333
[31/May/2026 07:42:34] "GET /api/materials/ HTTP/1.1" 200 2534
[31/May/2026 07:42:34] "GET /api/enrollments/ HTTP/1.1" 200 2191
[31/May/2026 07:44:04] "OPTIONS /api/submissions/ HTTP/1.1" 200 0
[31/May/2026 07:44:04] "OPTIONS /api/submissions/ HTTP/1.1" 200 0
[31/May/2026 07:44:04] "GET /api/assignments/ HTTP/1.1" 200 1333
[31/May/2026 07:44:04] "GET /api/submissions/ HTTP/1.1" 200 1804
[31/May/2026 07:44:04] "GET /api/assignments/ HTTP/1.1" 200 1333
[31/May/2026 07:44:04] "GET /api/submissions/ HTTP/1.1" 200 1804
[31/May/2026 07:44:22] "OPTIONS /api/notifications/ HTTP/1.1" 200 0
[31/May/2026 07:44:22] "OPTIONS /api/notifications/ HTTP/1.1" 200 0
[31/May/2026 07:44:22] "GET /api/notifications/ HTTP/1.1" 200 388
[31/May/2026 07:44:22] "GET /api/notifications/ HTTP/1.1" 200 388
[31/May/2026 07:45:18] "OPTIONS /api/auth/logout/ HTTP/1.1" 200 0
[31/May/2026 07:45:18] "POST /api/auth/logout/ HTTP/1.1" 204 0
[31/May/2026 07:49:11] "GET /api/me/ HTTP/1.1" 200 162
[31/May/2026 07:49:11] "GET /api/me/ HTTP/1.1" 200 162
[31/May/2026 07:49:11] "GET /api/dashboard/ HTTP/1.1" 200 116
[31/May/2026 07:49:11] "GET /api/dashboard/ HTTP/1.1" 200 116
[31/May/2026 07:49:11] "GET /api/me/ HTTP/1.1" 200 162
[31/May/2026 07:49:11] "GET /api/me/ HTTP/1.1" 200 162
Bad Request: /api/auth/login/
[31/May/2026 07:51:12] "POST /api/auth/login/ HTTP/1.1" 400 42
[31/May/2026 07:51:27] "POST /api/auth/login/ HTTP/1.1" 200 203
[31/May/2026 07:51:27] "GET /api/dashboard/ HTTP/1.1" 200 122
[31/May/2026 07:51:27] "GET /api/dashboard/ HTTP/1.1" 200 122
[31/May/2026 07:53:50] "OPTIONS /api/me/ HTTP/1.1" 200 0
[31/May/2026 07:53:50] "OPTIONS /api/me/ HTTP/1.1" 200 0
Unauthorized: /api/me/
[31/May/2026 07:53:50] "GET /api/me/ HTTP/1.1" 401 27
Unauthorized: /api/me/
[31/May/2026 07:53:50] "GET /api/me/ HTTP/1.1" 401 27
[31/May/2026 07:59:47] "OPTIONS /api/auth/login/ HTTP/1.1" 200 0
Bad Request: /api/auth/login/
[31/May/2026 07:59:49] "POST /api/auth/login/ HTTP/1.1" 400 42
Bad Request: /api/auth/login/
[31/May/2026 08:00:05] "POST /api/auth/login/ HTTP/1.1" 400 42
[31/May/2026 08:00:19] "OPTIONS /api/auth/password-reset/request/ HTTP/1.1" 200 0
[31/May/2026 08:00:19] "POST /api/auth/password-reset/request/ HTTP/1.1" 200 131
[31/May/2026 08:00:34] "OPTIONS /api/auth/password-reset/confirm/ HTTP/1.1" 200 0
[31/May/2026 08:00:36] "POST /api/auth/password-reset/confirm/ HTTP/1.1" 200 66
[31/May/2026 08:00:56] "POST /api/auth/login/ HTTP/1.1" 200 217
[31/May/2026 08:00:56] "OPTIONS /api/dashboard/ HTTP/1.1" 200 0
[31/May/2026 08:00:56] "OPTIONS /api/dashboard/ HTTP/1.1" 200 0
[31/May/2026 08:00:56] "GET /api/dashboard/ HTTP/1.1" 200 105
[31/May/2026 08:00:56] "GET /api/dashboard/ HTTP/1.1" 200 105
[31/May/2026 08:01:19] "OPTIONS /api/courses/ HTTP/1.1" 200 0
[31/May/2026 08:01:19] "OPTIONS /api/courses/ HTTP/1.1" 200 0
[31/May/2026 08:01:19] "GET /api/courses/ HTTP/1.1" 200 1597
[31/May/2026 08:01:19] "GET /api/courses/ HTTP/1.1" 200 1597
[31/May/2026 08:01:25] "OPTIONS /api/courses/1/ HTTP/1.1" 200 0
[31/May/2026 08:01:25] "OPTIONS /api/materials/ HTTP/1.1" 200 0
[31/May/2026 08:01:25] "OPTIONS /api/assignments/ HTTP/1.1" 200 0
[31/May/2026 08:01:25] "OPTIONS /api/enrollments/ HTTP/1.1" 200 0
[31/May/2026 08:01:25] "OPTIONS /api/assignments/ HTTP/1.1" 200 0
[31/May/2026 08:01:25] "OPTIONS /api/enrollments/ HTTP/1.1" 200 0
[31/May/2026 08:01:25] "GET /api/courses/1/ HTTP/1.1" 200 817
[31/May/2026 08:01:25] "GET /api/assignments/ HTTP/1.1" 200 1320
[31/May/2026 08:01:25] "GET /api/enrollments/ HTTP/1.1" 200 3276
[31/May/2026 08:01:26] "GET /api/assignments/ HTTP/1.1" 200 1320
[31/May/2026 08:01:26] "GET /api/materials/ HTTP/1.1" 200 2522
[31/May/2026 08:01:26] "GET /api/courses/1/ HTTP/1.1" 200 817
[31/May/2026 08:01:26] "GET /api/enrollments/ HTTP/1.1" 200 3276
[31/May/2026 08:01:26] "GET /api/materials/ HTTP/1.1" 200 2522
[31/May/2026 08:03:20] "GET /api/me/ HTTP/1.1" 200 157
[31/May/2026 08:03:20] "GET /api/me/ HTTP/1.1" 200 157
[31/May/2026 08:03:41] "GET /api/dashboard/ HTTP/1.1" 200 105
[31/May/2026 08:03:41] "GET /api/dashboard/ HTTP/1.1" 200 105
[31/May/2026 08:04:07] "OPTIONS /api/auth/logout/ HTTP/1.1" 200 0
[31/May/2026 08:04:07] "POST /api/auth/logout/ HTTP/1.1" 204 0
[31/May/2026 08:04:36] "POST /api/auth/password-reset/request/ HTTP/1.1" 200 133
[31/May/2026 08:04:57] "POST /api/auth/password-reset/confirm/ HTTP/1.1" 200 66
[31/May/2026 08:05:35] "POST /api/auth/login/ HTTP/1.1" 200 203
[31/May/2026 08:05:35] "GET /api/dashboard/ HTTP/1.1" 200 122
[31/May/2026 08:05:35] "GET /api/dashboard/ HTTP/1.1" 200 122
[31/May/2026 08:05:42] "GET /api/courses/ HTTP/1.1" 200 1608
[31/May/2026 08:05:42] "GET /api/courses/ HTTP/1.1" 200 1608
[31/May/2026 08:05:45] "GET /api/courses/1/ HTTP/1.1" 200 823
[31/May/2026 08:05:45] "GET /api/enrollments/ HTTP/1.1" 200 2191
[31/May/2026 08:05:45] "GET /api/materials/ HTTP/1.1" 200 2534
[31/May/2026 08:05:45] "GET /api/assignments/ HTTP/1.1" 200 1333
[31/May/2026 08:05:45] "GET /api/courses/1/ HTTP/1.1" 200 823
[31/May/2026 08:05:45] "GET /api/enrollments/ HTTP/1.1" 200 2191
[31/May/2026 08:05:45] "GET /api/materials/ HTTP/1.1" 200 2534
[31/May/2026 08:05:45] "GET /api/assignments/ HTTP/1.1" 200 1333
[31/May/2026 08:05:48] "OPTIONS /api/submissions/ HTTP/1.1" 200 0
[31/May/2026 08:05:48] "OPTIONS /api/submissions/ HTTP/1.1" 200 0
[31/May/2026 08:05:48] "GET /api/assignments/ HTTP/1.1" 200 1333
[31/May/2026 08:05:48] "GET /api/submissions/ HTTP/1.1" 200 1804
[31/May/2026 08:05:48] "GET /api/assignments/ HTTP/1.1" 200 1333
[31/May/2026 08:05:48] "GET /api/submissions/ HTTP/1.1" 200 1804
[31/May/2026 08:05:52] "OPTIONS /api/notifications/ HTTP/1.1" 200 0
[31/May/2026 08:05:52] "OPTIONS /api/notifications/ HTTP/1.1" 200 0
[31/May/2026 08:05:52] "GET /api/notifications/ HTTP/1.1" 200 388
[31/May/2026 08:05:52] "GET /api/notifications/ HTTP/1.1" 200 388
[31/May/2026 08:06:27] "OPTIONS /api/auth/change-password/ HTTP/1.1" 200 0
[31/May/2026 08:06:30] "POST /api/auth/change-password/ HTTP/1.1" 200 52
Unauthorized: /api/auth/logout/
[31/May/2026 08:06:30] "POST /api/auth/logout/ HTTP/1.1" 401 27
[31/May/2026 08:07:38] "POST /api/auth/login/ HTTP/1.1" 200 203
[31/May/2026 08:07:38] "GET /api/dashboard/ HTTP/1.1" 200 122
[31/May/2026 08:07:38] "GET /api/dashboard/ HTTP/1.1" 200 122
[31/May/2026 08:08:11] "POST /api/auth/logout/ HTTP/1.1" 204 0
[31/May/2026 08:08:19] "POST /api/auth/password-reset/request/ HTTP/1.1" 200 131
Bad Request: /api/auth/password-reset/confirm/
[31/May/2026 08:08:46] "POST /api/auth/password-reset/confirm/ HTTP/1.1" 400 87
[31/May/2026 08:09:04] "POST /api/auth/password-reset/confirm/ HTTP/1.1" 200 66
[31/May/2026 08:09:28] "POST /api/auth/login/ HTTP/1.1" 200 217
[31/May/2026 08:09:28] "GET /api/dashboard/ HTTP/1.1" 200 105
[31/May/2026 08:09:28] "GET /api/dashboard/ HTTP/1.1" 200 105
[31/May/2026 08:09:45] "GET /api/courses/ HTTP/1.1" 200 1597
[31/May/2026 08:09:45] "GET /api/courses/ HTTP/1.1" 200 1597
[31/May/2026 08:09:54] "GET /api/courses/1/ HTTP/1.1" 200 817
[31/May/2026 08:09:54] "GET /api/assignments/ HTTP/1.1" 200 1320
[31/May/2026 08:09:54] "GET /api/materials/ HTTP/1.1" 200 2522
[31/May/2026 08:09:54] "GET /api/enrollments/ HTTP/1.1" 200 3276
[31/May/2026 08:09:54] "GET /api/courses/1/ HTTP/1.1" 200 817
[31/May/2026 08:09:54] "GET /api/assignments/ HTTP/1.1" 200 1320
[31/May/2026 08:09:54] "GET /api/materials/ HTTP/1.1" 200 2522
[31/May/2026 08:09:54] "GET /api/enrollments/ HTTP/1.1" 200 3276
Bad Request: /api/materials/
[31/May/2026 08:11:49] "POST /api/materials/ HTTP/1.1" 400 30
Bad Request: /api/materials/
[31/May/2026 08:11:54] "POST /api/materials/ HTTP/1.1" 400 30
Bad Request: /api/materials/
[31/May/2026 08:12:05] "POST /api/materials/ HTTP/1.1" 400 30
Bad Request: /api/materials/
[31/May/2026 08:12:05] "POST /api/materials/ HTTP/1.1" 400 30
Bad Request: /api/materials/
[31/May/2026 08:12:06] "POST /api/materials/ HTTP/1.1" 400 30
Bad Request: /api/materials/
[31/May/2026 08:12:06] "POST /api/materials/ HTTP/1.1" 400 30
Bad Request: /api/materials/
[31/May/2026 08:12:06] "POST /api/materials/ HTTP/1.1" 400 30
[31/May/2026 08:13:36] "GET /api/assignments/ HTTP/1.1" 200 1320
[31/May/2026 08:13:36] "GET /api/submissions/ HTTP/1.1" 200 1791
[31/May/2026 08:13:36] "GET /api/assignments/ HTTP/1.1" 200 1320
[31/May/2026 08:13:36] "GET /api/submissions/ HTTP/1.1" 200 1791
[31/May/2026 08:13:49] "GET /api/notifications/ HTTP/1.1" 200 799
[31/May/2026 08:13:49] "GET /api/notifications/ HTTP/1.1" 200 799
[31/May/2026 08:13:52] "OPTIONS /api/terms/ HTTP/1.1" 200 0
[31/May/2026 08:13:52] "OPTIONS /api/users/ HTTP/1.1" 200 0
[31/May/2026 08:13:52] "OPTIONS /api/programs/ HTTP/1.1" 200 0
[31/May/2026 08:13:52] "OPTIONS /api/workflow-records/ HTTP/1.1" 200 0
[31/May/2026 08:13:52] "OPTIONS /api/users/ HTTP/1.1" 200 0
[31/May/2026 08:13:52] "OPTIONS /api/users/instructors/ HTTP/1.1" 200 0
[31/May/2026 08:13:52] "OPTIONS /api/terms/ HTTP/1.1" 200 0
[31/May/2026 08:13:52] "OPTIONS /api/programs/ HTTP/1.1" 200 0
[31/May/2026 08:13:52] "OPTIONS /api/users/instructors/ HTTP/1.1" 200 0
[31/May/2026 08:13:52] "OPTIONS /api/workflow-records/ HTTP/1.1" 200 0
[31/May/2026 08:13:52] "GET /api/terms/ HTTP/1.1" 200 102
[31/May/2026 08:13:52] "GET /api/users/ HTTP/1.1" 200 1019
[31/May/2026 08:13:52] "GET /api/programs/ HTTP/1.1" 200 359
[31/May/2026 08:13:52] "GET /api/users/instructors/ HTTP/1.1" 200 325
[31/May/2026 08:13:52] "GET /api/terms/ HTTP/1.1" 200 102
[31/May/2026 08:13:52] "GET /api/workflow-records/ HTTP/1.1" 200 4154
[31/May/2026 08:13:52] "GET /api/users/ HTTP/1.1" 200 1019
[31/May/2026 08:13:52] "GET /api/programs/ HTTP/1.1" 200 359
[31/May/2026 08:13:52] "GET /api/users/instructors/ HTTP/1.1" 200 325
[31/May/2026 08:13:52] "GET /api/workflow-records/ HTTP/1.1" 200 4154
[31/May/2026 08:15:31] "GET /api/courses/ HTTP/1.1" 200 1597
[31/May/2026 08:15:31] "GET /api/courses/ HTTP/1.1" 200 1597
[31/May/2026 08:15:35] "OPTIONS /api/courses/2/ HTTP/1.1" 200 0
[31/May/2026 08:15:35] "OPTIONS /api/courses/2/ HTTP/1.1" 200 0
[31/May/2026 08:15:35] "GET /api/courses/2/ HTTP/1.1" 200 777
[31/May/2026 08:15:35] "GET /api/assignments/ HTTP/1.1" 200 1320
[31/May/2026 08:15:35] "GET /api/courses/2/ HTTP/1.1" 200 777
[31/May/2026 08:15:35] "GET /api/enrollments/ HTTP/1.1" 200 3276
[31/May/2026 08:15:35] "GET /api/materials/ HTTP/1.1" 200 2522
[31/May/2026 08:15:35] "GET /api/assignments/ HTTP/1.1" 200 1320
[31/May/2026 08:15:35] "GET /api/materials/ HTTP/1.1" 200 2522
[31/May/2026 08:15:35] "GET /api/enrollments/ HTTP/1.1" 200 3276
[31/May/2026 08:15:52] "GET /api/courses/ HTTP/1.1" 200 1597
[31/May/2026 08:15:52] "GET /api/courses/ HTTP/1.1" 200 1597
[31/May/2026 08:15:55] "GET /api/courses/1/ HTTP/1.1" 200 817
[31/May/2026 08:15:55] "GET /api/assignments/ HTTP/1.1" 200 1320
[31/May/2026 08:15:55] "GET /api/enrollments/ HTTP/1.1" 200 3276
[31/May/2026 08:15:55] "GET /api/courses/1/ HTTP/1.1" 200 817
[31/May/2026 08:15:55] "GET /api/materials/ HTTP/1.1" 200 2522
[31/May/2026 08:15:55] "GET /api/assignments/ HTTP/1.1" 200 1320
[31/May/2026 08:15:55] "GET /api/materials/ HTTP/1.1" 200 2522
[31/May/2026 08:15:55] "GET /api/enrollments/ HTTP/1.1" 200 3276
[31/May/2026 08:16:11] "POST /api/materials/ HTTP/1.1" 201 1133
[31/May/2026 08:16:11] "GET /api/materials/ HTTP/1.1" 200 3656
Bad Request: /api/materials/
[31/May/2026 08:16:49] "POST /api/materials/ HTTP/1.1" 400 30
Bad Request: /api/materials/
[31/May/2026 08:17:11] "POST /api/materials/ HTTP/1.1" 400 30
Bad Request: /api/materials/
[31/May/2026 08:17:13] "POST /api/materials/ HTTP/1.1" 400 30
Bad Request: /api/materials/
[31/May/2026 08:17:13] "POST /api/materials/ HTTP/1.1" 400 30
Bad Request: /api/materials/
[31/May/2026 08:17:13] "POST /api/materials/ HTTP/1.1" 400 30
Bad Request: /api/materials/
[31/May/2026 08:17:13] "POST /api/materials/ HTTP/1.1" 400 30
Bad Request: /api/materials/
[31/May/2026 08:17:13] "POST /api/materials/ HTTP/1.1" 400 30
Bad Request: /api/materials/
[31/May/2026 08:17:14] "POST /api/materials/ HTTP/1.1" 400 30
[31/May/2026 08:17:52] "OPTIONS /api/enrollments/2/approve/ HTTP/1.1" 200 0
[31/May/2026 08:17:53] "POST /api/enrollments/2/approve/ HTTP/1.1" 200 1126
[31/May/2026 08:17:53] "GET /api/courses/1/ HTTP/1.1" 200 817
[31/May/2026 08:17:53] "GET /api/enrollments/ HTTP/1.1" 200 3307
[31/May/2026 08:20:17] "POST /api/auth/logout/ HTTP/1.1" 204 0
Bad Request: /api/auth/login/
[31/May/2026 08:20:40] "POST /api/auth/login/ HTTP/1.1" 400 42
[31/May/2026 08:20:59] "POST /api/auth/login/ HTTP/1.1" 200 203
[31/May/2026 08:21:00] "GET /api/dashboard/ HTTP/1.1" 200 122
[31/May/2026 08:21:00] "GET /api/dashboard/ HTTP/1.1" 200 122
[31/May/2026 08:21:03] "GET /api/courses/ HTTP/1.1" 200 1608
[31/May/2026 08:21:03] "GET /api/courses/ HTTP/1.1" 200 1608
[31/May/2026 08:21:06] "GET /api/courses/1/ HTTP/1.1" 200 823
[31/May/2026 08:21:06] "GET /api/assignments/ HTTP/1.1" 200 1333
[31/May/2026 08:21:06] "GET /api/enrollments/ HTTP/1.1" 200 2191
[31/May/2026 08:21:06] "GET /api/materials/ HTTP/1.1" 200 3674
[31/May/2026 08:21:06] "GET /api/courses/1/ HTTP/1.1" 200 823
[31/May/2026 08:21:06] "GET /api/assignments/ HTTP/1.1" 200 1333
[31/May/2026 08:21:06] "GET /api/enrollments/ HTTP/1.1" 200 2191
[31/May/2026 08:21:06] "GET /api/materials/ HTTP/1.1" 200 3674
[31/May/2026 08:21:37] "GET /api/assignments/ HTTP/1.1" 200 1333
[31/May/2026 08:21:37] "GET /api/submissions/ HTTP/1.1" 200 1804
[31/May/2026 08:21:37] "GET /api/assignments/ HTTP/1.1" 200 1333
[31/May/2026 08:21:37] "GET /api/submissions/ HTTP/1.1" 200 1804
[31/May/2026 08:21:44] "GET /api/notifications/ HTTP/1.1" 200 388
[31/May/2026 08:21:44] "GET /api/notifications/ HTTP/1.1" 200 388
[31/May/2026 08:21:57] "POST /api/auth/logout/ HTTP/1.1" 204 0
[31/May/2026 08:22:16] "POST /api/auth/login/ HTTP/1.1" 200 217
[31/May/2026 08:22:16] "GET /api/dashboard/ HTTP/1.1" 200 105
[31/May/2026 08:22:16] "GET /api/dashboard/ HTTP/1.1" 200 105
[31/May/2026 08:23:27] "GET /api/courses/ HTTP/1.1" 200 1597
[31/May/2026 08:23:27] "GET /api/courses/ HTTP/1.1" 200 1597
[31/May/2026 08:23:28] "GET /api/submissions/ HTTP/1.1" 200 1791
[31/May/2026 08:23:28] "GET /api/assignments/ HTTP/1.1" 200 1320
[31/May/2026 08:23:28] "GET /api/assignments/ HTTP/1.1" 200 1320
[31/May/2026 08:23:28] "GET /api/submissions/ HTTP/1.1" 200 1791
[31/May/2026 08:24:04] "GET /api/notifications/ HTTP/1.1" 200 1214
[31/May/2026 08:24:04] "GET /api/notifications/ HTTP/1.1" 200 1214
[31/May/2026 08:24:10] "GET /api/assignments/ HTTP/1.1" 200 1320
[31/May/2026 08:24:10] "GET /api/submissions/ HTTP/1.1" 200 1791
[31/May/2026 08:24:10] "GET /api/assignments/ HTTP/1.1" 200 1320
[31/May/2026 08:24:10] "GET /api/submissions/ HTTP/1.1" 200 1791
[31/May/2026 08:24:11] "GET /api/courses/ HTTP/1.1" 200 1597
[31/May/2026 08:24:11] "GET /api/courses/ HTTP/1.1" 200 1597
[31/May/2026 08:24:13] "GET /api/courses/1/ HTTP/1.1" 200 817
[31/May/2026 08:24:13] "GET /api/assignments/ HTTP/1.1" 200 1320
[31/May/2026 08:24:13] "GET /api/courses/1/ HTTP/1.1" 200 817
[31/May/2026 08:24:13] "GET /api/enrollments/ HTTP/1.1" 200 3307
[31/May/2026 08:24:13] "GET /api/materials/ HTTP/1.1" 200 3656
[31/May/2026 08:24:13] "GET /api/assignments/ HTTP/1.1" 200 1320
[31/May/2026 08:24:13] "GET /api/enrollments/ HTTP/1.1" 200 3307
[31/May/2026 08:24:13] "GET /api/materials/ HTTP/1.1" 200 3656
[31/May/2026 08:33:51] "POST /api/materials/ HTTP/1.1" 201 1138
[31/May/2026 08:33:51] "GET /api/materials/ HTTP/1.1" 200 4795
[31/May/2026 08:36:52] "POST /api/assignments/ HTTP/1.1" 201 1214
[31/May/2026 08:36:52] "GET /api/assignments/ HTTP/1.1" 200 2535
[31/May/2026 08:39:06] "GET /api/courses/ HTTP/1.1" 200 1597
[31/May/2026 08:39:06] "GET /api/courses/ HTTP/1.1" 200 1597
[31/May/2026 08:39:07] "GET /api/assignments/ HTTP/1.1" 200 2535
[31/May/2026 08:39:07] "GET /api/submissions/ HTTP/1.1" 200 1791
[31/May/2026 08:39:07] "GET /api/assignments/ HTTP/1.1" 200 2535
[31/May/2026 08:39:08] "GET /api/submissions/ HTTP/1.1" 200 1791
[31/May/2026 08:39:08] "GET /api/notifications/ HTTP/1.1" 200 1214
[31/May/2026 08:39:08] "GET /api/notifications/ HTTP/1.1" 200 1214
[31/May/2026 08:39:09] "GET /api/submissions/ HTTP/1.1" 200 1791
[31/May/2026 08:39:09] "GET /api/assignments/ HTTP/1.1" 200 2535
[31/May/2026 08:39:09] "GET /api/submissions/ HTTP/1.1" 200 1791
[31/May/2026 08:39:09] "GET /api/assignments/ HTTP/1.1" 200 2535
[31/May/2026 08:39:13] "GET /api/courses/ HTTP/1.1" 200 1597
[31/May/2026 08:39:13] "GET /api/courses/ HTTP/1.1" 200 1597
[31/May/2026 08:39:14] "GET /api/dashboard/ HTTP/1.1" 200 105
[31/May/2026 08:39:14] "GET /api/dashboard/ HTTP/1.1" 200 105
[31/May/2026 08:39:15] "GET /api/notifications/ HTTP/1.1" 200 1214
[31/May/2026 08:39:15] "GET /api/notifications/ HTTP/1.1" 200 1214
[31/May/2026 08:39:21] "GET /api/dashboard/ HTTP/1.1" 200 105
[31/May/2026 08:39:21] "GET /api/dashboard/ HTTP/1.1" 200 105
[31/May/2026 08:39:44] "GET /api/notifications/ HTTP/1.1" 200 1214
[31/May/2026 08:39:44] "GET /api/notifications/ HTTP/1.1" 200 1214
[31/May/2026 08:39:45] "GET /api/assignments/ HTTP/1.1" 200 2535
[31/May/2026 08:39:45] "GET /api/submissions/ HTTP/1.1" 200 1791
[31/May/2026 08:39:45] "GET /api/assignments/ HTTP/1.1" 200 2535
[31/May/2026 08:39:45] "GET /api/submissions/ HTTP/1.1" 200 1791
[31/May/2026 08:39:46] "GET /api/courses/1/ HTTP/1.1" 200 817
[31/May/2026 08:39:46] "GET /api/courses/1/ HTTP/1.1" 200 817
[31/May/2026 08:39:46] "GET /api/assignments/ HTTP/1.1" 200 2535
[31/May/2026 08:39:46] "GET /api/enrollments/ HTTP/1.1" 200 3307
[31/May/2026 08:39:46] "GET /api/materials/ HTTP/1.1" 200 4795
[31/May/2026 08:39:46] "GET /api/assignments/ HTTP/1.1" 200 2535
[31/May/2026 08:39:46] "GET /api/enrollments/ HTTP/1.1" 200 3307
[31/May/2026 08:39:46] "GET /api/materials/ HTTP/1.1" 200 4795
[31/May/2026 08:39:46] "GET /api/courses/ HTTP/1.1" 200 1597
[31/May/2026 08:39:46] "GET /api/courses/ HTTP/1.1" 200 1597
[31/May/2026 08:39:47] "GET /api/dashboard/ HTTP/1.1" 200 105
[31/May/2026 08:39:47] "GET /api/dashboard/ HTTP/1.1" 200 105
[31/May/2026 08:40:06] "GET /api/dashboard/ HTTP/1.1" 200 105
[31/May/2026 08:40:06] "GET /api/dashboard/ HTTP/1.1" 200 105
[31/May/2026 08:40:08] "GET /api/dashboard/ HTTP/1.1" 200 105
[31/May/2026 08:40:08] "GET /api/dashboard/ HTTP/1.1" 200 105
[31/May/2026 08:40:08] "GET /api/courses/1/ HTTP/1.1" 200 817
[31/May/2026 08:40:09] "GET /api/courses/1/ HTTP/1.1" 200 817
[31/May/2026 08:40:09] "GET /api/assignments/ HTTP/1.1" 200 2535
[31/May/2026 08:40:09] "GET /api/enrollments/ HTTP/1.1" 200 3307
[31/May/2026 08:40:09] "GET /api/materials/ HTTP/1.1" 200 4795
[31/May/2026 08:40:09] "GET /api/assignments/ HTTP/1.1" 200 2535
[31/May/2026 08:40:09] "GET /api/enrollments/ HTTP/1.1" 200 3307
[31/May/2026 08:40:09] "GET /api/materials/ HTTP/1.1" 200 4795
[31/May/2026 08:40:09] "GET /api/courses/ HTTP/1.1" 200 1597
[31/May/2026 08:40:09] "GET /api/courses/ HTTP/1.1" 200 1597
[31/May/2026 08:40:10] "GET /api/terms/ HTTP/1.1" 200 102
[31/May/2026 08:40:10] "GET /api/programs/ HTTP/1.1" 200 359
[31/May/2026 08:40:10] "GET /api/users/instructors/ HTTP/1.1" 200 325
[31/May/2026 08:40:10] "GET /api/users/ HTTP/1.1" 200 1019
[31/May/2026 08:40:10] "GET /api/programs/ HTTP/1.1" 200 359
[31/May/2026 08:40:10] "GET /api/terms/ HTTP/1.1" 200 102
[31/May/2026 08:40:10] "GET /api/workflow-records/ HTTP/1.1" 200 5471
[31/May/2026 08:40:10] "GET /api/users/instructors/ HTTP/1.1" 200 325
[31/May/2026 08:40:10] "GET /api/users/ HTTP/1.1" 200 1019
[31/May/2026 08:40:10] "GET /api/workflow-records/ HTTP/1.1" 200 5471
[31/May/2026 08:40:10] "GET /api/notifications/ HTTP/1.1" 200 1214
[31/May/2026 08:40:10] "GET /api/notifications/ HTTP/1.1" 200 1214
[31/May/2026 08:40:11] "GET /api/assignments/ HTTP/1.1" 200 2535
[31/May/2026 08:40:11] "GET /api/submissions/ HTTP/1.1" 200 1791
[31/May/2026 08:40:11] "GET /api/submissions/ HTTP/1.1" 200 1791
[31/May/2026 08:40:11] "GET /api/assignments/ HTTP/1.1" 200 2535
[31/May/2026 08:40:12] "GET /api/courses/1/ HTTP/1.1" 200 817
[31/May/2026 08:40:12] "GET /api/assignments/ HTTP/1.1" 200 2535
[31/May/2026 08:40:12] "GET /api/courses/1/ HTTP/1.1" 200 817
[31/May/2026 08:40:12] "GET /api/enrollments/ HTTP/1.1" 200 3307
[31/May/2026 08:40:12] "GET /api/materials/ HTTP/1.1" 200 4795
[31/May/2026 08:40:12] "GET /api/assignments/ HTTP/1.1" 200 2535
[31/May/2026 08:40:12] "GET /api/enrollments/ HTTP/1.1" 200 3307
[31/May/2026 08:40:12] "GET /api/materials/ HTTP/1.1" 200 4795
[31/May/2026 08:40:12] "GET /api/courses/ HTTP/1.1" 200 1597
[31/May/2026 08:40:12] "GET /api/courses/ HTTP/1.1" 200 1597
[31/May/2026 08:40:13] "GET /api/dashboard/ HTTP/1.1" 200 105
[31/May/2026 08:40:13] "GET /api/dashboard/ HTTP/1.1" 200 105
[31/May/2026 08:40:14] "GET /api/dashboard/ HTTP/1.1" 200 105
[31/May/2026 08:40:14] "GET /api/dashboard/ HTTP/1.1" 200 105
[31/May/2026 08:40:15] "GET /api/notifications/ HTTP/1.1" 200 1214
[31/May/2026 08:40:15] "GET /api/notifications/ HTTP/1.1" 200 1214
[31/May/2026 08:40:16] "GET /api/submissions/ HTTP/1.1" 200 1791
[31/May/2026 08:40:16] "GET /api/assignments/ HTTP/1.1" 200 2535
[31/May/2026 08:40:16] "GET /api/submissions/ HTTP/1.1" 200 1791
[31/May/2026 08:40:16] "GET /api/assignments/ HTTP/1.1" 200 2535
[31/May/2026 08:40:18] "GET /api/notifications/ HTTP/1.1" 200 1214
[31/May/2026 08:40:18] "GET /api/notifications/ HTTP/1.1" 200 1214
[31/May/2026 08:40:26] "GET /api/assignments/ HTTP/1.1" 200 2535
[31/May/2026 08:40:26] "GET /api/submissions/ HTTP/1.1" 200 1791
[31/May/2026 08:40:26] "GET /api/assignments/ HTTP/1.1" 200 2535
[31/May/2026 08:40:26] "GET /api/submissions/ HTTP/1.1" 200 1791
[31/May/2026 08:40:28] "GET /api/courses/1/ HTTP/1.1" 200 817
[31/May/2026 08:40:28] "GET /api/assignments/ HTTP/1.1" 200 2535
[31/May/2026 08:40:28] "GET /api/courses/1/ HTTP/1.1" 200 817
[31/May/2026 08:40:28] "GET /api/enrollments/ HTTP/1.1" 200 3307
[31/May/2026 08:40:28] "GET /api/materials/ HTTP/1.1" 200 4795
[31/May/2026 08:40:28] "GET /api/enrollments/ HTTP/1.1" 200 3307
[31/May/2026 08:40:28] "GET /api/assignments/ HTTP/1.1" 200 2535
[31/May/2026 08:40:28] "GET /api/materials/ HTTP/1.1" 200 4795
[31/May/2026 08:40:29] "GET /api/courses/ HTTP/1.1" 200 1597
[31/May/2026 08:40:29] "GET /api/courses/ HTTP/1.1" 200 1597
[31/May/2026 08:40:29] "GET /api/dashboard/ HTTP/1.1" 200 105
[31/May/2026 08:40:29] "GET /api/dashboard/ HTTP/1.1" 200 105
[31/May/2026 08:40:29] "GET /api/dashboard/ HTTP/1.1" 200 105
[31/May/2026 08:40:29] "GET /api/dashboard/ HTTP/1.1" 200 105
[31/May/2026 08:40:59] "GET /api/dashboard/ HTTP/1.1" 200 105
[31/May/2026 08:40:59] "GET /api/dashboard/ HTTP/1.1" 200 105
[31/May/2026 08:41:03] "GET /api/submissions/ HTTP/1.1" 200 1791
[31/May/2026 08:41:03] "GET /api/assignments/ HTTP/1.1" 200 2535
[31/May/2026 08:41:03] "GET /api/submissions/ HTTP/1.1" 200 1791
[31/May/2026 08:41:03] "GET /api/assignments/ HTTP/1.1" 200 2535
[31/May/2026 08:41:05] "GET /api/courses/ HTTP/1.1" 200 1597
[31/May/2026 08:41:05] "GET /api/courses/ HTTP/1.1" 200 1597
[31/May/2026 08:41:09] "GET /api/courses/1/ HTTP/1.1" 200 817
[31/May/2026 08:41:09] "GET /api/assignments/ HTTP/1.1" 200 2535
[31/May/2026 08:41:09] "GET /api/courses/1/ HTTP/1.1" 200 817
[31/May/2026 08:41:09] "GET /api/enrollments/ HTTP/1.1" 200 3307
[31/May/2026 08:41:09] "GET /api/materials/ HTTP/1.1" 200 4795
[31/May/2026 08:41:09] "GET /api/assignments/ HTTP/1.1" 200 2535
[31/May/2026 08:41:09] "GET /api/enrollments/ HTTP/1.1" 200 3307
[31/May/2026 08:41:09] "GET /api/materials/ HTTP/1.1" 200 4795
[31/May/2026 08:41:11] "GET /api/courses/ HTTP/1.1" 200 1597
[31/May/2026 08:41:11] "GET /api/courses/ HTTP/1.1" 200 1597
[31/May/2026 08:41:13] "GET /api/assignments/ HTTP/1.1" 200 2535
[31/May/2026 08:41:13] "GET /api/courses/2/ HTTP/1.1" 200 777
[31/May/2026 08:41:13] "GET /api/materials/ HTTP/1.1" 200 4795
[31/May/2026 08:41:13] "GET /api/enrollments/ HTTP/1.1" 200 3307
[31/May/2026 08:41:13] "GET /api/courses/2/ HTTP/1.1" 200 777
[31/May/2026 08:41:13] "GET /api/assignments/ HTTP/1.1" 200 2535
[31/May/2026 08:41:13] "GET /api/materials/ HTTP/1.1" 200 4795
[31/May/2026 08:41:13] "GET /api/enrollments/ HTTP/1.1" 200 3307
[31/May/2026 08:41:30] "GET /api/courses/ HTTP/1.1" 200 1597
[31/May/2026 08:41:30] "GET /api/courses/ HTTP/1.1" 200 1597
[31/May/2026 08:41:33] "GET /api/courses/1/ HTTP/1.1" 200 817
[31/May/2026 08:41:33] "GET /api/courses/1/ HTTP/1.1" 200 817
[31/May/2026 08:41:33] "GET /api/assignments/ HTTP/1.1" 200 2535
[31/May/2026 08:41:33] "GET /api/enrollments/ HTTP/1.1" 200 3307
[31/May/2026 08:41:33] "GET /api/materials/ HTTP/1.1" 200 4795
[31/May/2026 08:41:33] "GET /api/assignments/ HTTP/1.1" 200 2535
[31/May/2026 08:41:33] "GET /api/enrollments/ HTTP/1.1" 200 3307
[31/May/2026 08:41:33] "GET /api/materials/ HTTP/1.1" 200 4795
[31/May/2026 08:41:42] "GET /api/courses/ HTTP/1.1" 200 1597
[31/May/2026 08:41:42] "GET /api/courses/ HTTP/1.1" 200 1597
[31/May/2026 08:41:43] "GET /api/submissions/ HTTP/1.1" 200 1791
[31/May/2026 08:41:43] "GET /api/assignments/ HTTP/1.1" 200 2535
[31/May/2026 08:41:43] "GET /api/submissions/ HTTP/1.1" 200 1791
[31/May/2026 08:41:43] "GET /api/assignments/ HTTP/1.1" 200 2535
[31/May/2026 08:41:46] "GET /api/dashboard/ HTTP/1.1" 200 105
[31/May/2026 08:41:46] "GET /api/dashboard/ HTTP/1.1" 200 105
[31/May/2026 08:50:32] "OPTIONS /api/me/ HTTP/1.1" 200 0
[31/May/2026 08:50:32] "OPTIONS /api/me/ HTTP/1.1" 200 0
[31/May/2026 08:50:32] "GET /api/me/ HTTP/1.1" 200 157
[31/May/2026 08:50:32] "GET /api/me/ HTTP/1.1" 200 157
[31/May/2026 08:53:25] "OPTIONS /api/me/ HTTP/1.1" 200 0
[31/May/2026 08:53:25] "OPTIONS /api/me/ HTTP/1.1" 200 0
[31/May/2026 08:53:25] "GET /api/me/ HTTP/1.1" 200 157
[31/May/2026 08:53:25] "GET /api/me/ HTTP/1.1" 200 157
[31/May/2026 08:55:15] "OPTIONS /api/me/ HTTP/1.1" 200 0
[31/May/2026 08:55:15] "OPTIONS /api/me/ HTTP/1.1" 200 0
[31/May/2026 08:55:15] "GET /api/me/ HTTP/1.1" 200 157
[31/May/2026 08:55:15] "GET /api/me/ HTTP/1.1" 200 157
[31/May/2026 09:00:42] "GET /api/dashboard/ HTTP/1.1" 200 116
[31/May/2026 09:00:42] "GET /api/dashboard/ HTTP/1.1" 200 116
[31/May/2026 09:00:56] "OPTIONS /api/auth/logout/ HTTP/1.1" 200 0
[31/May/2026 09:00:56] "POST /api/auth/logout/ HTTP/1.1" 204 0
[31/May/2026 09:03:11] "OPTIONS /api/auth/login/ HTTP/1.1" 200 0
[31/May/2026 09:03:12] "POST /api/auth/login/ HTTP/1.1" 200 222
[31/May/2026 09:03:12] "GET /api/dashboard/ HTTP/1.1" 200 116
[31/May/2026 09:03:12] "GET /api/dashboard/ HTTP/1.1" 200 116
[31/May/2026 09:07:27] "OPTIONS /api/me/ HTTP/1.1" 200 0
[31/May/2026 09:07:27] "GET /api/me/ HTTP/1.1" 200 157
[31/May/2026 09:07:27] "OPTIONS /api/me/ HTTP/1.1" 200 0
[31/May/2026 09:07:27] "GET /api/me/ HTTP/1.1" 200 157
[31/May/2026 09:07:29] "OPTIONS /api/dashboard/ HTTP/1.1" 200 0
[31/May/2026 09:07:29] "OPTIONS /api/dashboard/ HTTP/1.1" 200 0
[31/May/2026 09:07:29] "GET /api/dashboard/ HTTP/1.1" 200 105
[31/May/2026 09:07:29] "GET /api/dashboard/ HTTP/1.1" 200 105
[31/May/2026 09:08:27] "GET /api/dashboard/ HTTP/1.1" 200 105
[31/May/2026 09:08:27] "GET /api/dashboard/ HTTP/1.1" 200 105
[31/May/2026 09:08:31] "OPTIONS /api/courses/ HTTP/1.1" 200 0
[31/May/2026 09:08:31] "OPTIONS /api/courses/ HTTP/1.1" 200 0
[31/May/2026 09:08:31] "GET /api/courses/ HTTP/1.1" 200 1597
[31/May/2026 09:08:31] "GET /api/courses/ HTTP/1.1" 200 1597
[31/May/2026 09:08:33] "OPTIONS /api/courses/1/ HTTP/1.1" 200 0
[31/May/2026 09:08:33] "OPTIONS /api/materials/ HTTP/1.1" 200 0
[31/May/2026 09:08:33] "OPTIONS /api/enrollments/ HTTP/1.1" 200 0
[31/May/2026 09:08:33] "OPTIONS /api/materials/ HTTP/1.1" 200 0
[31/May/2026 09:08:33] "OPTIONS /api/assignments/ HTTP/1.1" 200 0
[31/May/2026 09:08:33] "OPTIONS /api/assignments/ HTTP/1.1" 200 0
[31/May/2026 09:08:33] "GET /api/courses/1/ HTTP/1.1" 200 817
[31/May/2026 09:08:33] "GET /api/assignments/ HTTP/1.1" 200 2535
[31/May/2026 09:08:33] "GET /api/enrollments/ HTTP/1.1" 200 3307
[31/May/2026 09:08:33] "GET /api/courses/1/ HTTP/1.1" 200 817
[31/May/2026 09:08:33] "GET /api/materials/ HTTP/1.1" 200 4795
[31/May/2026 09:08:33] "GET /api/assignments/ HTTP/1.1" 200 2535
[31/May/2026 09:08:33] "GET /api/enrollments/ HTTP/1.1" 200 3307
[31/May/2026 09:08:33] "GET /api/materials/ HTTP/1.1" 200 4795
Unauthorized: /api/dashboard/
[31/May/2026 09:15:25] "GET /api/dashboard/ HTTP/1.1" 401 27
Unauthorized: /api/dashboard/
[31/May/2026 09:15:25] "GET /api/dashboard/ HTTP/1.1" 401 27
[31/May/2026 09:15:25] "GET /api/dashboard/ HTTP/1.1" 200 116
[31/May/2026 09:15:25] "GET /api/dashboard/ HTTP/1.1" 200 116
[31/May/2026 09:15:26] "GET /api/me/ HTTP/1.1" 200 162
[31/May/2026 09:15:26] "OPTIONS /api/me/ HTTP/1.1" 200 0
[31/May/2026 09:15:26] "OPTIONS /api/me/ HTTP/1.1" 200 0
[31/May/2026 09:15:26] "GET /api/me/ HTTP/1.1" 200 162
Unauthorized: /api/me/
[31/May/2026 09:15:26] "GET /api/me/ HTTP/1.1" 401 27
[31/May/2026 09:15:26] "GET /api/me/ HTTP/1.1" 200 162
Unauthorized: /api/me/
[31/May/2026 09:15:26] "GET /api/me/ HTTP/1.1" 401 27
[31/May/2026 09:15:26] "GET /api/me/ HTTP/1.1" 200 162
[31/May/2026 09:15:26] "GET /api/dashboard/ HTTP/1.1" 200 116
[31/May/2026 09:15:26] "GET /api/dashboard/ HTTP/1.1" 200 116
[31/May/2026 09:16:56] "GET /api/me/ HTTP/1.1" 200 162
[31/May/2026 09:16:56] "GET /api/me/ HTTP/1.1" 200 162
[31/May/2026 09:16:56] "GET /api/dashboard/ HTTP/1.1" 200 116
[31/May/2026 09:16:56] "GET /api/dashboard/ HTTP/1.1" 200 116
